2021-06-10 21:09:04.239  INFO 18316 --- [restartedMain] indi.huishi.sms.SmsApplication           : Starting SmsApplication using Java 1.8.0_65 on DESKTOP-0BJPABD with PID 18316 (E:\java_exercise\others\distribute_shizuo\student-consumer\target\classes started by 曾昕阳 in E:\java_exercise\others\distribute_shizuo)
2021-06-10 21:09:04.239  INFO 18316 --- [restartedMain] indi.huishi.sms.SmsApplication           : No active profile set, falling back to default profiles: default
2021-06-10 21:09:04.317  INFO 18316 --- [restartedMain] .e.DevToolsPropertyDefaultsPostProcessor : Devtools property defaults active! Set 'spring.devtools.add-properties' to 'false' to disable
2021-06-10 21:09:04.317  INFO 18316 --- [restartedMain] .e.DevToolsPropertyDefaultsPostProcessor : For additional web related logging consider setting the 'logging.level.web' property to 'DEBUG'
2021-06-10 21:09:05.051  INFO 18316 --- [restartedMain] .s.d.r.c.RepositoryConfigurationDelegate : Multiple Spring Data modules found, entering strict repository configuration mode!
2021-06-10 21:09:05.067  INFO 18316 --- [restartedMain] .s.d.r.c.RepositoryConfigurationDelegate : Bootstrapping Spring Data Redis repositories in DEFAULT mode.
2021-06-10 21:09:05.082  INFO 18316 --- [restartedMain] .s.d.r.c.RepositoryConfigurationDelegate : Finished Spring Data repository scanning in 12 ms. Found 0 Redis repository interfaces.
2021-06-10 21:09:05.301  INFO 18316 --- [restartedMain] trationDelegate$BeanPostProcessorChecker : Bean 'com.alibaba.druid.spring.boot.autoconfigure.stat.DruidSpringAopConfiguration' of type [com.alibaba.druid.spring.boot.autoconfigure.stat.DruidSpringAopConfiguration] is not eligible for getting processed by all BeanPostProcessors (for example: not eligible for auto-proxying)
2021-06-10 21:09:05.363  INFO 18316 --- [restartedMain] trationDelegate$BeanPostProcessorChecker : Bean 'spring.datasource.druid-com.alibaba.druid.spring.boot.autoconfigure.properties.DruidStatProperties' of type [com.alibaba.druid.spring.boot.autoconfigure.properties.DruidStatProperties] is not eligible for getting processed by all BeanPostProcessors (for example: not eligible for auto-proxying)
2021-06-10 21:09:05.363  INFO 18316 --- [restartedMain] trationDelegate$BeanPostProcessorChecker : Bean 'advisor' of type [org.springframework.aop.support.RegexpMethodPointcutAdvisor] is not eligible for getting processed by all BeanPostProcessors (for example: not eligible for auto-proxying)
2021-06-10 21:09:05.895  INFO 18316 --- [restartedMain] o.s.b.w.embedded.tomcat.TomcatWebServer  : Tomcat initialized with port(s): 8081 (http)
2021-06-10 21:09:05.895  INFO 18316 --- [restartedMain] o.apache.catalina.core.StandardService   : Starting service [Tomcat]
2021-06-10 21:09:05.895  INFO 18316 --- [restartedMain] org.apache.catalina.core.StandardEngine  : Starting Servlet engine: [Apache Tomcat/9.0.45]
2021-06-10 21:09:06.035  INFO 18316 --- [restartedMain] o.a.c.c.C.[Tomcat].[localhost].[/]       : Initializing Spring embedded WebApplicationContext
2021-06-10 21:09:06.051  INFO 18316 --- [restartedMain] w.s.c.ServletWebServerApplicationContext : Root WebApplicationContext: initialization completed in 1734 ms
2021-06-10 21:09:06.145  INFO 18316 --- [restartedMain] c.a.d.s.b.a.DruidDataSourceAutoConfigure : Init DruidDataSource
2021-06-10 21:09:06.348  INFO 18316 --- [restartedMain] com.alibaba.druid.pool.DruidDataSource   : {dataSource-1} inited
2021-06-10 21:09:08.097  INFO 18316 --- [restartedMain] o.s.s.concurrent.ThreadPoolTaskExecutor  : Initializing ExecutorService 'applicationTaskExecutor'
2021-06-10 21:09:08.744  INFO 18316 --- [restartedMain] o.s.b.d.a.OptionalLiveReloadServer       : LiveReload server is running on port 35729
2021-06-10 21:09:08.807  INFO 18316 --- [restartedMain] o.s.b.w.embedded.tomcat.TomcatWebServer  : Tomcat started on port(s): 8081 (http) with context path ''
2021-06-10 21:09:08.822  INFO 18316 --- [restartedMain] indi.huishi.sms.SmsApplication           : Started SmsApplication in 5.102 seconds (JVM running for 7.591)
2021-06-10 21:09:41.916  INFO 18316 --- [http-nio-8081-exec-1] o.a.c.c.C.[Tomcat].[localhost].[/]       : Initializing Spring DispatcherServlet 'dispatcherServlet'
2021-06-10 21:09:41.916  INFO 18316 --- [http-nio-8081-exec-1] o.s.web.servlet.DispatcherServlet        : Initializing Servlet 'dispatcherServlet'
2021-06-10 21:09:41.917  INFO 18316 --- [http-nio-8081-exec-1] o.s.web.servlet.DispatcherServlet        : Completed initialization in 1 ms
2021-06-10 21:10:13.981  WARN 18316 --- [http-nio-8081-exec-6] .w.s.m.s.DefaultHandlerExceptionResolver : Resolved [org.springframework.web.bind.MissingServletRequestParameterException: Required request parameter 'pageNo' for method parameter type Integer is not present]
2021-06-10 21:10:24.830  INFO 18316 --- [http-nio-8081-exec-7] i.h.sms.controller.StudentController     : 主页..查找第1页
2021-06-10 21:10:26.664  INFO 18316 --- [http-nio-8081-exec-7] i.h.sms.controller.StudentController     : url:http://localhost:8081/student/show.action
2021-06-10 21:20:20.095  INFO 18316 --- [Thread-6] o.s.s.concurrent.ThreadPoolTaskExecutor  : Shutting down ExecutorService 'applicationTaskExecutor'
2021-06-10 21:20:20.095  INFO 18316 --- [Thread-6] com.alibaba.druid.pool.DruidDataSource   : {dataSource-1} closing ...
2021-06-10 21:20:20.110  INFO 18316 --- [Thread-6] com.alibaba.druid.pool.DruidDataSource   : {dataSource-1} closed
2021-06-10 21:48:27.166  INFO 5784 --- [restartedMain] indi.huishi.sms.UserApplication          : Starting UserApplication using Java 1.8.0_65 on DESKTOP-0BJPABD with PID 5784 (E:\java_exercise\others\distribute_shizuo\user\target\classes started by 曾昕阳 in E:\java_exercise\others\distribute_shizuo)
2021-06-10 21:48:27.181  INFO 5784 --- [restartedMain] indi.huishi.sms.UserApplication          : No active profile set, falling back to default profiles: default
2021-06-10 21:48:27.244  INFO 5784 --- [restartedMain] .e.DevToolsPropertyDefaultsPostProcessor : Devtools property defaults active! Set 'spring.devtools.add-properties' to 'false' to disable
2021-06-10 21:48:27.244  INFO 5784 --- [restartedMain] .e.DevToolsPropertyDefaultsPostProcessor : For additional web related logging consider setting the 'logging.level.web' property to 'DEBUG'
2021-06-10 21:48:28.244  INFO 5784 --- [restartedMain] .s.d.r.c.RepositoryConfigurationDelegate : Multiple Spring Data modules found, entering strict repository configuration mode!
2021-06-10 21:48:28.244  INFO 5784 --- [restartedMain] .s.d.r.c.RepositoryConfigurationDelegate : Bootstrapping Spring Data Redis repositories in DEFAULT mode.
2021-06-10 21:48:28.259  INFO 5784 --- [restartedMain] .s.d.r.c.RepositoryConfigurationDelegate : Finished Spring Data repository scanning in 11 ms. Found 0 Redis repository interfaces.
2021-06-10 21:48:28.447  INFO 5784 --- [restartedMain] trationDelegate$BeanPostProcessorChecker : Bean 'com.alibaba.druid.spring.boot.autoconfigure.stat.DruidSpringAopConfiguration' of type [com.alibaba.druid.spring.boot.autoconfigure.stat.DruidSpringAopConfiguration] is not eligible for getting processed by all BeanPostProcessors (for example: not eligible for auto-proxying)
2021-06-10 21:48:28.509  INFO 5784 --- [restartedMain] trationDelegate$BeanPostProcessorChecker : Bean 'spring.datasource.druid-com.alibaba.druid.spring.boot.autoconfigure.properties.DruidStatProperties' of type [com.alibaba.druid.spring.boot.autoconfigure.properties.DruidStatProperties] is not eligible for getting processed by all BeanPostProcessors (for example: not eligible for auto-proxying)
2021-06-10 21:48:28.509  INFO 5784 --- [restartedMain] trationDelegate$BeanPostProcessorChecker : Bean 'advisor' of type [org.springframework.aop.support.RegexpMethodPointcutAdvisor] is not eligible for getting processed by all BeanPostProcessors (for example: not eligible for auto-proxying)
2021-06-10 21:48:28.806  INFO 5784 --- [restartedMain] o.s.b.w.embedded.tomcat.TomcatWebServer  : Tomcat initialized with port(s): 8080 (http)
2021-06-10 21:48:28.821  INFO 5784 --- [restartedMain] o.apache.catalina.core.StandardService   : Starting service [Tomcat]
2021-06-10 21:48:28.821  INFO 5784 --- [restartedMain] org.apache.catalina.core.StandardEngine  : Starting Servlet engine: [Apache Tomcat/9.0.45]
2021-06-10 21:48:28.962  INFO 5784 --- [restartedMain] o.a.c.c.C.[Tomcat].[localhost].[/]       : Initializing Spring embedded WebApplicationContext
2021-06-10 21:48:28.962  INFO 5784 --- [restartedMain] w.s.c.ServletWebServerApplicationContext : Root WebApplicationContext: initialization completed in 1718 ms
2021-06-10 21:48:29.071  INFO 5784 --- [restartedMain] c.a.d.s.b.a.DruidDataSourceAutoConfigure : Init DruidDataSource
2021-06-10 21:48:29.243  INFO 5784 --- [restartedMain] com.alibaba.druid.pool.DruidDataSource   : {dataSource-1} inited
2021-06-10 21:48:31.150  INFO 5784 --- [restartedMain] o.s.s.concurrent.ThreadPoolTaskExecutor  : Initializing ExecutorService 'applicationTaskExecutor'
2021-06-10 21:48:31.530  INFO 5784 --- [restartedMain] o.s.b.d.a.OptionalLiveReloadServer       : LiveReload server is running on port 35729
2021-06-10 21:48:31.592  INFO 5784 --- [restartedMain] o.s.b.w.embedded.tomcat.TomcatWebServer  : Tomcat started on port(s): 8080 (http) with context path ''
2021-06-10 21:48:31.592  INFO 5784 --- [restartedMain] indi.huishi.sms.UserApplication          : Started UserApplication in 4.82 seconds (JVM running for 6.334)
2021-06-10 21:48:51.230  INFO 5784 --- [http-nio-8080-exec-1] o.a.c.c.C.[Tomcat].[localhost].[/]       : Initializing Spring DispatcherServlet 'dispatcherServlet'
2021-06-10 21:48:51.231  INFO 5784 --- [http-nio-8080-exec-1] o.s.web.servlet.DispatcherServlet        : Initializing Servlet 'dispatcherServlet'
2021-06-10 21:48:51.232  INFO 5784 --- [http-nio-8080-exec-1] o.s.web.servlet.DispatcherServlet        : Completed initialization in 1 ms
2021-06-10 21:49:40.137  INFO 5784 --- [http-nio-8080-exec-6] indi.huishi.sms.util.CodeUtil            : 获取生成的验证码:OWNZ
2021-06-10 21:49:40.139  INFO 5784 --- [http-nio-8080-exec-6] i.huishi.sms.controller.UserController   : 注册信息LinZiye123456asaa@sdsfsfdf.coomOWNZ...
2021-06-10 21:49:40.973  INFO 5784 --- [http-nio-8080-exec-6] i.huishi.sms.controller.UserController   : 用户User(id=null, username=LinZiye, password=123456, email=asaa@sdsfsfdf.coom)注册成功
2021-06-10 21:49:46.223  INFO 5784 --- [http-nio-8080-exec-2] i.huishi.sms.controller.UserController   : 跳转到显示页面
2021-06-10 21:49:46.223  INFO 5784 --- [http-nio-8080-exec-2] i.huishi.sms.controller.UserController   : 登录成功
2021-06-10 22:00:52.634  INFO 5784 --- [Thread-6] o.s.s.concurrent.ThreadPoolTaskExecutor  : Shutting down ExecutorService 'applicationTaskExecutor'
2021-06-10 22:00:52.665  INFO 5784 --- [Thread-6] com.alibaba.druid.pool.DruidDataSource   : {dataSource-1} closing ...
2021-06-10 22:00:52.728  INFO 5784 --- [Thread-6] com.alibaba.druid.pool.DruidDataSource   : {dataSource-1} closed
2021-06-10 22:00:53.009  INFO 5784 --- [restartedMain] indi.huishi.sms.UserApplication          : Starting UserApplication using Java 1.8.0_65 on DESKTOP-0BJPABD with PID 5784 (E:\java_exercise\others\distribute_shizuo\user\target\classes started by 曾昕阳 in E:\java_exercise\others\distribute_shizuo)
2021-06-10 22:00:53.009  INFO 5784 --- [restartedMain] indi.huishi.sms.UserApplication          : No active profile set, falling back to default profiles: default
2021-06-10 22:00:53.212  WARN 5784 --- [restartedMain] ConfigServletWebServerApplicationContext : Exception encountered during context initialization - cancelling refresh attempt: org.springframework.beans.factory.BeanDefinitionStoreException: Failed to parse configuration class [indi.huishi.sms.UserApplication]; nested exception is java.io.FileNotFoundException: class path resource [indi/huishi/sms/service/UserService.class] cannot be opened because it does not exist
2021-06-10 22:00:53.290 ERROR 5784 --- [restartedMain] o.s.boot.SpringApplication               : Application run failed

org.springframework.beans.factory.BeanDefinitionStoreException: Failed to parse configuration class [indi.huishi.sms.UserApplication]; nested exception is java.io.FileNotFoundException: class path resource [indi/huishi/sms/service/UserService.class] cannot be opened because it does not exist
	at org.springframework.context.annotation.ConfigurationClassParser.parse(ConfigurationClassParser.java:189) ~[spring-context-5.3.6.jar:5.3.6]
	at org.springframework.context.annotation.ConfigurationClassPostProcessor.processConfigBeanDefinitions(ConfigurationClassPostProcessor.java:331) ~[spring-context-5.3.6.jar:5.3.6]
	at org.springframework.context.annotation.ConfigurationClassPostProcessor.postProcessBeanDefinitionRegistry(ConfigurationClassPostProcessor.java:247) ~[spring-context-5.3.6.jar:5.3.6]
	at org.springframework.context.support.PostProcessorRegistrationDelegate.invokeBeanDefinitionRegistryPostProcessors(PostProcessorRegistrationDelegate.java:311) ~[spring-context-5.3.6.jar:5.3.6]
	at org.springframework.context.support.PostProcessorRegistrationDelegate.invokeBeanFactoryPostProcessors(PostProcessorRegistrationDelegate.java:112) ~[spring-context-5.3.6.jar:5.3.6]
	at org.springframework.context.support.AbstractApplicationContext.invokeBeanFactoryPostProcessors(AbstractApplicationContext.java:746) ~[spring-context-5.3.6.jar:5.3.6]
	at org.springframework.context.support.AbstractApplicationContext.refresh(AbstractApplicationContext.java:564) ~[spring-context-5.3.6.jar:5.3.6]
	at org.springframework.boot.web.servlet.context.ServletWebServerApplicationContext.refresh(ServletWebServerApplicationContext.java:144) ~[spring-boot-2.4.5.jar:2.4.5]
	at org.springframework.boot.SpringApplication.refresh(SpringApplication.java:782) [spring-boot-2.4.5.jar:2.4.5]
	at org.springframework.boot.SpringApplication.refresh(SpringApplication.java:774) [spring-boot-2.4.5.jar:2.4.5]
	at org.springframework.boot.SpringApplication.refreshContext(SpringApplication.java:439) [spring-boot-2.4.5.jar:2.4.5]
	at org.springframework.boot.SpringApplication.run(SpringApplication.java:339) [spring-boot-2.4.5.jar:2.4.5]
	at org.springframework.boot.SpringApplication.run(SpringApplication.java:1340) [spring-boot-2.4.5.jar:2.4.5]
	at org.springframework.boot.SpringApplication.run(SpringApplication.java:1329) [spring-boot-2.4.5.jar:2.4.5]
	at indi.huishi.sms.UserApplication.main(UserApplication.java:14) [classes/:na]
	at sun.reflect.NativeMethodAccessorImpl.invoke0(Native Method) ~[na:1.8.0_65]
	at sun.reflect.NativeMethodAccessorImpl.invoke(NativeMethodAccessorImpl.java:62) ~[na:1.8.0_65]
	at sun.reflect.DelegatingMethodAccessorImpl.invoke(DelegatingMethodAccessorImpl.java:43) ~[na:1.8.0_65]
	at java.lang.reflect.Method.invoke(Method.java:497) ~[na:1.8.0_65]
	at org.springframework.boot.devtools.restart.RestartLauncher.run(RestartLauncher.java:49) [spring-boot-devtools-2.4.5.jar:2.4.5]
Caused by: java.io.FileNotFoundException: class path resource [indi/huishi/sms/service/UserService.class] cannot be opened because it does not exist
	at org.springframework.core.io.ClassPathResource.getInputStream(ClassPathResource.java:187) ~[spring-core-5.3.6.jar:5.3.6]
	at org.springframework.core.type.classreading.SimpleMetadataReader.getClassReader(SimpleMetadataReader.java:55) ~[spring-core-5.3.6.jar:5.3.6]
	at org.springframework.core.type.classreading.SimpleMetadataReader.<init>(SimpleMetadataReader.java:49) ~[spring-core-5.3.6.jar:5.3.6]
	at org.springframework.core.type.classreading.SimpleMetadataReaderFactory.getMetadataReader(SimpleMetadataReaderFactory.java:103) ~[spring-core-5.3.6.jar:5.3.6]
	at org.springframework.boot.type.classreading.ConcurrentReferenceCachingMetadataReaderFactory.createMetadataReader(ConcurrentReferenceCachingMetadataReaderFactory.java:86) ~[spring-boot-2.4.5.jar:2.4.5]
	at org.springframework.boot.type.classreading.ConcurrentReferenceCachingMetadataReaderFactory.getMetadataReader(ConcurrentReferenceCachingMetadataReaderFactory.java:73) ~[spring-boot-2.4.5.jar:2.4.5]
	at org.springframework.core.type.classreading.SimpleMetadataReaderFactory.getMetadataReader(SimpleMetadataReaderFactory.java:81) ~[spring-core-5.3.6.jar:5.3.6]
	at org.springframework.context.annotation.ConfigurationClassParser.asSourceClass(ConfigurationClassParser.java:696) ~[spring-context-5.3.6.jar:5.3.6]
	at org.springframework.context.annotation.ConfigurationClassParser$SourceClass.getInterfaces(ConfigurationClassParser.java:1024) ~[spring-context-5.3.6.jar:5.3.6]
	at org.springframework.context.annotation.ConfigurationClassParser.processInterfaces(ConfigurationClassParser.java:386) ~[spring-context-5.3.6.jar:5.3.6]
	at org.springframework.context.annotation.ConfigurationClassParser.doProcessConfigurationClass(ConfigurationClassParser.java:332) ~[spring-context-5.3.6.jar:5.3.6]
	at org.springframework.context.annotation.ConfigurationClassParser.processConfigurationClass(ConfigurationClassParser.java:250) ~[spring-context-5.3.6.jar:5.3.6]
	at org.springframework.context.annotation.ConfigurationClassParser.parse(ConfigurationClassParser.java:199) ~[spring-context-5.3.6.jar:5.3.6]
	at org.springframework.context.annotation.ConfigurationClassParser.doProcessConfigurationClass(ConfigurationClassParser.java:304) ~[spring-context-5.3.6.jar:5.3.6]
	at org.springframework.context.annotation.ConfigurationClassParser.processConfigurationClass(ConfigurationClassParser.java:250) ~[spring-context-5.3.6.jar:5.3.6]
	at org.springframework.context.annotation.ConfigurationClassParser.parse(ConfigurationClassParser.java:207) ~[spring-context-5.3.6.jar:5.3.6]
	at org.springframework.context.annotation.ConfigurationClassParser.parse(ConfigurationClassParser.java:175) ~[spring-context-5.3.6.jar:5.3.6]
	... 19 common frames omitted

2021-06-10 22:01:11.407  INFO 5784 --- [restartedMain] indi.huishi.sms.UserApplication          : Starting UserApplication using Java 1.8.0_65 on DESKTOP-0BJPABD with PID 5784 (E:\java_exercise\others\distribute_shizuo\user\target\classes started by 曾昕阳 in E:\java_exercise\others\distribute_shizuo)
2021-06-10 22:01:11.407  INFO 5784 --- [restartedMain] indi.huishi.sms.UserApplication          : No active profile set, falling back to default profiles: default
2021-06-10 22:01:11.423  WARN 5784 --- [restartedMain] ConfigServletWebServerApplicationContext : Exception encountered during context initialization - cancelling refresh attempt: org.springframework.beans.factory.BeanDefinitionStoreException: Failed to parse configuration class [indi.huishi.sms.UserApplication]; nested exception is java.io.FileNotFoundException: class path resource [indi/huishi/sms/service/UserService.class] cannot be opened because it does not exist
2021-06-10 22:01:11.438 ERROR 5784 --- [restartedMain] o.s.boot.SpringApplication               : Application run failed

org.springframework.beans.factory.BeanDefinitionStoreException: Failed to parse configuration class [indi.huishi.sms.UserApplication]; nested exception is java.io.FileNotFoundException: class path resource [indi/huishi/sms/service/UserService.class] cannot be opened because it does not exist
	at org.springframework.context.annotation.ConfigurationClassParser.parse(ConfigurationClassParser.java:189) ~[spring-context-5.3.6.jar:5.3.6]
	at org.springframework.context.annotation.ConfigurationClassPostProcessor.processConfigBeanDefinitions(ConfigurationClassPostProcessor.java:331) ~[spring-context-5.3.6.jar:5.3.6]
	at org.springframework.context.annotation.ConfigurationClassPostProcessor.postProcessBeanDefinitionRegistry(ConfigurationClassPostProcessor.java:247) ~[spring-context-5.3.6.jar:5.3.6]
	at org.springframework.context.support.PostProcessorRegistrationDelegate.invokeBeanDefinitionRegistryPostProcessors(PostProcessorRegistrationDelegate.java:311) ~[spring-context-5.3.6.jar:5.3.6]
	at org.springframework.context.support.PostProcessorRegistrationDelegate.invokeBeanFactoryPostProcessors(PostProcessorRegistrationDelegate.java:112) ~[spring-context-5.3.6.jar:5.3.6]
	at org.springframework.context.support.AbstractApplicationContext.invokeBeanFactoryPostProcessors(AbstractApplicationContext.java:746) ~[spring-context-5.3.6.jar:5.3.6]
	at org.springframework.context.support.AbstractApplicationContext.refresh(AbstractApplicationContext.java:564) ~[spring-context-5.3.6.jar:5.3.6]
	at org.springframework.boot.web.servlet.context.ServletWebServerApplicationContext.refresh(ServletWebServerApplicationContext.java:144) ~[spring-boot-2.4.5.jar:2.4.5]
	at org.springframework.boot.SpringApplication.refresh(SpringApplication.java:782) [spring-boot-2.4.5.jar:2.4.5]
	at org.springframework.boot.SpringApplication.refresh(SpringApplication.java:774) [spring-boot-2.4.5.jar:2.4.5]
	at org.springframework.boot.SpringApplication.refreshContext(SpringApplication.java:439) [spring-boot-2.4.5.jar:2.4.5]
	at org.springframework.boot.SpringApplication.run(SpringApplication.java:339) [spring-boot-2.4.5.jar:2.4.5]
	at org.springframework.boot.SpringApplication.run(SpringApplication.java:1340) [spring-boot-2.4.5.jar:2.4.5]
	at org.springframework.boot.SpringApplication.run(SpringApplication.java:1329) [spring-boot-2.4.5.jar:2.4.5]
	at indi.huishi.sms.UserApplication.main(UserApplication.java:14) [classes/:na]
	at sun.reflect.NativeMethodAccessorImpl.invoke0(Native Method) ~[na:1.8.0_65]
	at sun.reflect.NativeMethodAccessorImpl.invoke(NativeMethodAccessorImpl.java:62) ~[na:1.8.0_65]
	at sun.reflect.DelegatingMethodAccessorImpl.invoke(DelegatingMethodAccessorImpl.java:43) ~[na:1.8.0_65]
	at java.lang.reflect.Method.invoke(Method.java:497) ~[na:1.8.0_65]
	at org.springframework.boot.devtools.restart.RestartLauncher.run(RestartLauncher.java:49) [spring-boot-devtools-2.4.5.jar:2.4.5]
Caused by: java.io.FileNotFoundException: class path resource [indi/huishi/sms/service/UserService.class] cannot be opened because it does not exist
	at org.springframework.core.io.ClassPathResource.getInputStream(ClassPathResource.java:187) ~[spring-core-5.3.6.jar:5.3.6]
	at org.springframework.core.type.classreading.SimpleMetadataReader.getClassReader(SimpleMetadataReader.java:55) ~[spring-core-5.3.6.jar:5.3.6]
	at org.springframework.core.type.classreading.SimpleMetadataReader.<init>(SimpleMetadataReader.java:49) ~[spring-core-5.3.6.jar:5.3.6]
	at org.springframework.core.type.classreading.SimpleMetadataReaderFactory.getMetadataReader(SimpleMetadataReaderFactory.java:103) ~[spring-core-5.3.6.jar:5.3.6]
	at org.springframework.boot.type.classreading.ConcurrentReferenceCachingMetadataReaderFactory.createMetadataReader(ConcurrentReferenceCachingMetadataReaderFactory.java:86) ~[spring-boot-2.4.5.jar:2.4.5]
	at org.springframework.boot.type.classreading.ConcurrentReferenceCachingMetadataReaderFactory.getMetadataReader(ConcurrentReferenceCachingMetadataReaderFactory.java:73) ~[spring-boot-2.4.5.jar:2.4.5]
	at org.springframework.core.type.classreading.SimpleMetadataReaderFactory.getMetadataReader(SimpleMetadataReaderFactory.java:81) ~[spring-core-5.3.6.jar:5.3.6]
	at org.springframework.context.annotation.ConfigurationClassParser.asSourceClass(ConfigurationClassParser.java:696) ~[spring-context-5.3.6.jar:5.3.6]
	at org.springframework.context.annotation.ConfigurationClassParser$SourceClass.getInterfaces(ConfigurationClassParser.java:1024) ~[spring-context-5.3.6.jar:5.3.6]
	at org.springframework.context.annotation.ConfigurationClassParser.processInterfaces(ConfigurationClassParser.java:386) ~[spring-context-5.3.6.jar:5.3.6]
	at org.springframework.context.annotation.ConfigurationClassParser.doProcessConfigurationClass(ConfigurationClassParser.java:332) ~[spring-context-5.3.6.jar:5.3.6]
	at org.springframework.context.annotation.ConfigurationClassParser.processConfigurationClass(ConfigurationClassParser.java:250) ~[spring-context-5.3.6.jar:5.3.6]
	at org.springframework.context.annotation.ConfigurationClassParser.parse(ConfigurationClassParser.java:199) ~[spring-context-5.3.6.jar:5.3.6]
	at org.springframework.context.annotation.ConfigurationClassParser.doProcessConfigurationClass(ConfigurationClassParser.java:304) ~[spring-context-5.3.6.jar:5.3.6]
	at org.springframework.context.annotation.ConfigurationClassParser.processConfigurationClass(ConfigurationClassParser.java:250) ~[spring-context-5.3.6.jar:5.3.6]
	at org.springframework.context.annotation.ConfigurationClassParser.parse(ConfigurationClassParser.java:207) ~[spring-context-5.3.6.jar:5.3.6]
	at org.springframework.context.annotation.ConfigurationClassParser.parse(ConfigurationClassParser.java:175) ~[spring-context-5.3.6.jar:5.3.6]
	... 19 common frames omitted

2021-06-10 22:01:18.014  INFO 5784 --- [restartedMain] indi.huishi.sms.UserApplication          : Starting UserApplication using Java 1.8.0_65 on DESKTOP-0BJPABD with PID 5784 (E:\java_exercise\others\distribute_shizuo\user\target\classes started by 曾昕阳 in E:\java_exercise\others\distribute_shizuo)
2021-06-10 22:01:18.014  INFO 5784 --- [restartedMain] indi.huishi.sms.UserApplication          : No active profile set, falling back to default profiles: default
2021-06-10 22:01:18.389  INFO 5784 --- [restartedMain] .s.d.r.c.RepositoryConfigurationDelegate : Multiple Spring Data modules found, entering strict repository configuration mode!
2021-06-10 22:01:18.389  INFO 5784 --- [restartedMain] .s.d.r.c.RepositoryConfigurationDelegate : Bootstrapping Spring Data Redis repositories in DEFAULT mode.
2021-06-10 22:01:18.389  INFO 5784 --- [restartedMain] .s.d.r.c.RepositoryConfigurationDelegate : Finished Spring Data repository scanning in 6 ms. Found 0 Redis repository interfaces.
2021-06-10 22:01:18.436  INFO 5784 --- [restartedMain] trationDelegate$BeanPostProcessorChecker : Bean 'com.alibaba.druid.spring.boot.autoconfigure.stat.DruidSpringAopConfiguration' of type [com.alibaba.druid.spring.boot.autoconfigure.stat.DruidSpringAopConfiguration] is not eligible for getting processed by all BeanPostProcessors (for example: not eligible for auto-proxying)
2021-06-10 22:01:18.452  INFO 5784 --- [restartedMain] trationDelegate$BeanPostProcessorChecker : Bean 'spring.datasource.druid-com.alibaba.druid.spring.boot.autoconfigure.properties.DruidStatProperties' of type [com.alibaba.druid.spring.boot.autoconfigure.properties.DruidStatProperties] is not eligible for getting processed by all BeanPostProcessors (for example: not eligible for auto-proxying)
2021-06-10 22:01:18.452  INFO 5784 --- [restartedMain] trationDelegate$BeanPostProcessorChecker : Bean 'advisor' of type [org.springframework.aop.support.RegexpMethodPointcutAdvisor] is not eligible for getting processed by all BeanPostProcessors (for example: not eligible for auto-proxying)
2021-06-10 22:01:18.639  INFO 5784 --- [restartedMain] o.s.b.w.embedded.tomcat.TomcatWebServer  : Tomcat initialized with port(s): 8080 (http)
2021-06-10 22:01:18.639  INFO 5784 --- [restartedMain] o.apache.catalina.core.StandardService   : Starting service [Tomcat]
2021-06-10 22:01:18.639  INFO 5784 --- [restartedMain] org.apache.catalina.core.StandardEngine  : Starting Servlet engine: [Apache Tomcat/9.0.45]
2021-06-10 22:01:18.702  INFO 5784 --- [restartedMain] o.a.c.c.C.[Tomcat].[localhost].[/]       : Initializing Spring embedded WebApplicationContext
2021-06-10 22:01:18.702  INFO 5784 --- [restartedMain] w.s.c.ServletWebServerApplicationContext : Root WebApplicationContext: initialization completed in 688 ms
2021-06-10 22:01:18.733  INFO 5784 --- [restartedMain] c.a.d.s.b.a.DruidDataSourceAutoConfigure : Init DruidDataSource
2021-06-10 22:01:18.827  INFO 5784 --- [restartedMain] com.alibaba.druid.pool.DruidDataSource   : {dataSource-2} inited
2021-06-10 22:01:19.561  INFO 5784 --- [restartedMain] o.s.s.concurrent.ThreadPoolTaskExecutor  : Initializing ExecutorService 'applicationTaskExecutor'
2021-06-10 22:01:19.670  INFO 5784 --- [restartedMain] o.s.b.d.a.OptionalLiveReloadServer       : LiveReload server is running on port 35729
2021-06-10 22:01:19.701  INFO 5784 --- [restartedMain] o.s.b.w.embedded.tomcat.TomcatWebServer  : Tomcat started on port(s): 8080 (http) with context path ''
2021-06-10 22:01:19.701  INFO 5784 --- [restartedMain] indi.huishi.sms.UserApplication          : Started UserApplication in 1.732 seconds (JVM running for 774.437)
2021-06-10 22:01:19.701  INFO 5784 --- [restartedMain] .ConditionEvaluationDeltaLoggingListener : Condition evaluation unchanged
2021-06-10 22:34:48.913  INFO 2096 --- [restartedMain] indi.huishi.sms.SmsApplication           : Starting SmsApplication using Java 1.8.0_65 on DESKTOP-0BJPABD with PID 2096 (E:\java_exercise\others\distribute_shizuo\student\target\classes started by 曾昕阳 in E:\java_exercise\others\distribute_shizuo)
2021-06-10 22:34:49.686  INFO 2096 --- [restartedMain] indi.huishi.sms.SmsApplication           : No active profile set, falling back to default profiles: default
2021-06-10 22:34:49.734  INFO 2096 --- [restartedMain] .e.DevToolsPropertyDefaultsPostProcessor : Devtools property defaults active! Set 'spring.devtools.add-properties' to 'false' to disable
2021-06-10 22:34:49.735  INFO 2096 --- [restartedMain] .e.DevToolsPropertyDefaultsPostProcessor : For additional web related logging consider setting the 'logging.level.web' property to 'DEBUG'
2021-06-10 22:34:51.021  INFO 2096 --- [restartedMain] .s.d.r.c.RepositoryConfigurationDelegate : Multiple Spring Data modules found, entering strict repository configuration mode!
2021-06-10 22:34:51.024  INFO 2096 --- [restartedMain] .s.d.r.c.RepositoryConfigurationDelegate : Bootstrapping Spring Data Redis repositories in DEFAULT mode.
2021-06-10 22:34:51.055  INFO 2096 --- [restartedMain] .s.d.r.c.RepositoryConfigurationDelegate : Finished Spring Data repository scanning in 11 ms. Found 0 Redis repository interfaces.
2021-06-10 22:34:51.331  INFO 2096 --- [restartedMain] o.s.cloud.context.scope.GenericScope     : BeanFactory id=34f75d4c-a885-37be-adf6-eaec2d516d01
2021-06-10 22:34:51.385  INFO 2096 --- [restartedMain] trationDelegate$BeanPostProcessorChecker : Bean 'com.alibaba.druid.spring.boot.autoconfigure.stat.DruidSpringAopConfiguration' of type [com.alibaba.druid.spring.boot.autoconfigure.stat.DruidSpringAopConfiguration] is not eligible for getting processed by all BeanPostProcessors (for example: not eligible for auto-proxying)
2021-06-10 22:34:51.412  INFO 2096 --- [restartedMain] trationDelegate$BeanPostProcessorChecker : Bean 'spring.datasource.druid-com.alibaba.druid.spring.boot.autoconfigure.properties.DruidStatProperties' of type [com.alibaba.druid.spring.boot.autoconfigure.properties.DruidStatProperties] is not eligible for getting processed by all BeanPostProcessors (for example: not eligible for auto-proxying)
2021-06-10 22:34:51.419  INFO 2096 --- [restartedMain] trationDelegate$BeanPostProcessorChecker : Bean 'advisor' of type [org.springframework.aop.support.RegexpMethodPointcutAdvisor] is not eligible for getting processed by all BeanPostProcessors (for example: not eligible for auto-proxying)
2021-06-10 22:34:52.206  INFO 2096 --- [restartedMain] o.s.b.w.embedded.tomcat.TomcatWebServer  : Tomcat initialized with port(s): 8081 (http)
2021-06-10 22:34:52.215  INFO 2096 --- [restartedMain] o.apache.catalina.core.StandardService   : Starting service [Tomcat]
2021-06-10 22:34:52.216  INFO 2096 --- [restartedMain] org.apache.catalina.core.StandardEngine  : Starting Servlet engine: [Apache Tomcat/9.0.45]
2021-06-10 22:34:52.421  INFO 2096 --- [restartedMain] o.a.c.c.C.[Tomcat].[localhost].[/]       : Initializing Spring embedded WebApplicationContext
2021-06-10 22:34:52.421  INFO 2096 --- [restartedMain] w.s.c.ServletWebServerApplicationContext : Root WebApplicationContext: initialization completed in 2685 ms
2021-06-10 22:34:52.631  INFO 2096 --- [restartedMain] c.a.d.s.b.a.DruidDataSourceAutoConfigure : Init DruidDataSource
2021-06-10 22:34:52.819  INFO 2096 --- [restartedMain] com.alibaba.druid.pool.DruidDataSource   : {dataSource-1} inited
2021-06-10 22:34:54.404  INFO 2096 --- [restartedMain] o.s.s.concurrent.ThreadPoolTaskExecutor  : Initializing ExecutorService 'applicationTaskExecutor'
2021-06-10 22:34:57.040  INFO 2096 --- [restartedMain] o.s.b.d.a.OptionalLiveReloadServer       : LiveReload server is running on port 35729
2021-06-10 22:34:58.039  INFO 2096 --- [restartedMain] o.s.s.c.ThreadPoolTaskScheduler          : Initializing ExecutorService 'catalogWatchTaskScheduler'
2021-06-10 22:34:58.050  WARN 2096 --- [restartedMain] iguration$LoadBalancerCaffeineWarnLogger : Spring Cloud LoadBalancer is currently working with the default cache. You can switch to using Caffeine cache, by adding it and org.springframework.cache.caffeine.CaffeineCacheManager to the classpath.
2021-06-10 22:34:58.054  INFO 2096 --- [restartedMain] o.s.b.a.e.web.EndpointLinksResolver      : Exposing 2 endpoint(s) beneath base path '/actuator'
2021-06-10 22:34:58.156  INFO 2096 --- [restartedMain] o.s.b.w.embedded.tomcat.TomcatWebServer  : Tomcat started on port(s): 8081 (http) with context path ''
2021-06-10 22:34:58.159  INFO 2096 --- [restartedMain] o.s.c.c.s.ConsulServiceRegistry          : Registering service with consul: NewService{id='consul-student-8081', name='consul-student', tags=[], address='DESKTOP-0BJPABD', meta={secure=false}, port=8081, enableTagOverride=null, check=Check{script='null', dockerContainerID='null', shell='null', interval='10s', ttl='null', http='http://DESKTOP-0BJPABD:8081/actuator/health', method='null', header={}, tcp='null', timeout='null', deregisterCriticalServiceAfter='null', tlsSkipVerify=null, status='null', grpc='null', grpcUseTLS=null}, checks=null}
2021-06-10 22:35:00.402  INFO 2096 --- [restartedMain] indi.huishi.sms.SmsApplication           : Started SmsApplication in 13.486 seconds (JVM running for 15.498)
2021-06-10 22:35:01.320  INFO 2096 --- [http-nio-8081-exec-1] o.a.c.c.C.[Tomcat].[localhost].[/]       : Initializing Spring DispatcherServlet 'dispatcherServlet'
2021-06-10 22:35:01.321  INFO 2096 --- [http-nio-8081-exec-1] o.s.web.servlet.DispatcherServlet        : Initializing Servlet 'dispatcherServlet'
2021-06-10 22:35:01.322  INFO 2096 --- [http-nio-8081-exec-1] o.s.web.servlet.DispatcherServlet        : Completed initialization in 1 ms
2021-06-10 22:53:19.105  INFO 2096 --- [Thread-8] o.s.s.c.ThreadPoolTaskScheduler          : Shutting down ExecutorService 'catalogWatchTaskScheduler'
2021-06-10 22:53:19.336  INFO 2096 --- [Thread-8] o.s.c.c.s.ConsulServiceRegistry          : Deregistering service with consul: consul-student-8081
2021-06-10 22:53:27.609  INFO 2096 --- [Thread-8] o.s.s.concurrent.ThreadPoolTaskExecutor  : Shutting down ExecutorService 'applicationTaskExecutor'
2021-06-10 22:53:27.632  INFO 2096 --- [Thread-8] com.alibaba.druid.pool.DruidDataSource   : {dataSource-1} closing ...
2021-06-10 22:53:27.840  INFO 2096 --- [Thread-8] com.alibaba.druid.pool.DruidDataSource   : {dataSource-1} closed
