2021-06-12 00:04:14.405  INFO 18496 --- [main] indi.huishi.sms.UserApplication          : Starting UserApplication using Java 1.8.0_65 on DESKTOP-0BJPABD with PID 18496 (E:\java_exercise\others\distribute_shizuo\user\target\classes started by 曾昕阳 in E:\java_exercise\others\distribute_shizuo)
2021-06-12 00:04:14.411  INFO 18496 --- [main] indi.huishi.sms.UserApplication          : No active profile set, falling back to default profiles: default
2021-06-12 00:04:15.867  INFO 18496 --- [main] .s.d.r.c.RepositoryConfigurationDelegate : Multiple Spring Data modules found, entering strict repository configuration mode!
2021-06-12 00:04:15.869  INFO 18496 --- [main] .s.d.r.c.RepositoryConfigurationDelegate : Bootstrapping Spring Data Redis repositories in DEFAULT mode.
2021-06-12 00:04:15.898  INFO 18496 --- [main] .s.d.r.c.RepositoryConfigurationDelegate : Finished Spring Data repository scanning in 11 ms. Found 0 Redis repository interfaces.
2021-06-12 00:04:16.127  INFO 18496 --- [main] o.s.cloud.context.scope.GenericScope     : BeanFactory id=3759ae18-5da0-3b5e-b663-d1752046939d
2021-06-12 00:04:16.177  INFO 18496 --- [main] trationDelegate$BeanPostProcessorChecker : Bean 'com.alibaba.druid.spring.boot.autoconfigure.stat.DruidSpringAopConfiguration' of type [com.alibaba.druid.spring.boot.autoconfigure.stat.DruidSpringAopConfiguration] is not eligible for getting processed by all BeanPostProcessors (for example: not eligible for auto-proxying)
2021-06-12 00:04:16.209  INFO 18496 --- [main] trationDelegate$BeanPostProcessorChecker : Bean 'spring.datasource.druid-com.alibaba.druid.spring.boot.autoconfigure.properties.DruidStatProperties' of type [com.alibaba.druid.spring.boot.autoconfigure.properties.DruidStatProperties] is not eligible for getting processed by all BeanPostProcessors (for example: not eligible for auto-proxying)
2021-06-12 00:04:16.215  INFO 18496 --- [main] trationDelegate$BeanPostProcessorChecker : Bean 'advisor' of type [org.springframework.aop.support.RegexpMethodPointcutAdvisor] is not eligible for getting processed by all BeanPostProcessors (for example: not eligible for auto-proxying)
2021-06-12 00:04:16.534  INFO 18496 --- [main] o.s.b.w.embedded.tomcat.TomcatWebServer  : Tomcat initialized with port(s): 8080 (http)
2021-06-12 00:04:16.542  INFO 18496 --- [main] o.apache.catalina.core.StandardService   : Starting service [Tomcat]
2021-06-12 00:04:16.542  INFO 18496 --- [main] org.apache.catalina.core.StandardEngine  : Starting Servlet engine: [Apache Tomcat/9.0.45]
2021-06-12 00:04:16.794  INFO 18496 --- [main] o.a.c.c.C.[Tomcat].[localhost].[/]       : Initializing Spring embedded WebApplicationContext
2021-06-12 00:04:16.794  INFO 18496 --- [main] w.s.c.ServletWebServerApplicationContext : Root WebApplicationContext: initialization completed in 2315 ms
2021-06-12 00:04:17.340  INFO 18496 --- [main] c.a.d.s.b.a.DruidDataSourceAutoConfigure : Init DruidDataSource
2021-06-12 00:04:17.535  INFO 18496 --- [main] com.alibaba.druid.pool.DruidDataSource   : {dataSource-1} inited
2021-06-12 00:04:20.908  INFO 18496 --- [main] o.s.s.concurrent.ThreadPoolTaskExecutor  : Initializing ExecutorService 'applicationTaskExecutor'
2021-06-12 00:04:23.655  INFO 18496 --- [main] o.s.s.c.ThreadPoolTaskScheduler          : Initializing ExecutorService 'catalogWatchTaskScheduler'
2021-06-12 00:04:23.667  WARN 18496 --- [main] iguration$LoadBalancerCaffeineWarnLogger : Spring Cloud LoadBalancer is currently working with the default cache. You can switch to using Caffeine cache, by adding it and org.springframework.cache.caffeine.CaffeineCacheManager to the classpath.
2021-06-12 00:04:23.671  INFO 18496 --- [main] o.s.b.a.e.web.EndpointLinksResolver      : Exposing 2 endpoint(s) beneath base path '/actuator'
2021-06-12 00:04:23.775  INFO 18496 --- [main] o.s.b.w.embedded.tomcat.TomcatWebServer  : Tomcat started on port(s): 8080 (http) with context path ''
2021-06-12 00:04:23.779  INFO 18496 --- [main] o.s.c.c.s.ConsulServiceRegistry          : Registering service with consul: NewService{id='consul-user-8080', name='consul-user', tags=[], address='DESKTOP-0BJPABD', meta={secure=false}, port=8080, enableTagOverride=null, check=Check{script='null', dockerContainerID='null', shell='null', interval='10s', ttl='null', http='http://DESKTOP-0BJPABD:8080/actuator/health', method='null', header={}, tcp='null', timeout='null', deregisterCriticalServiceAfter='null', tlsSkipVerify=null, status='null', grpc='null', grpcUseTLS=null}, checks=null}
2021-06-12 00:04:23.957  INFO 18496 --- [http-nio-8080-exec-1] o.a.c.c.C.[Tomcat].[localhost].[/]       : Initializing Spring DispatcherServlet 'dispatcherServlet'
2021-06-12 00:04:23.957  INFO 18496 --- [http-nio-8080-exec-1] o.s.web.servlet.DispatcherServlet        : Initializing Servlet 'dispatcherServlet'
2021-06-12 00:04:23.958  INFO 18496 --- [http-nio-8080-exec-1] o.s.web.servlet.DispatcherServlet        : Completed initialization in 1 ms
2021-06-12 00:04:25.955  INFO 18496 --- [main] indi.huishi.sms.UserApplication          : Started UserApplication in 13.066 seconds (JVM running for 14.928)
2021-06-12 00:11:40.565  INFO 18496 --- [http-nio-8080-exec-9] i.huishi.sms.controller.UserController   : mail
2021-06-12 00:12:12.019  INFO 18496 --- [http-nio-8080-exec-4] i.huishi.sms.controller.UserController   : mail
2021-06-12 00:14:41.755  INFO 17152 --- [main] indi.huishi.sms.UserApplication          : Starting UserApplication using Java 1.8.0_65 on DESKTOP-0BJPABD with PID 17152 (E:\java_exercise\others\distribute_shizuo\user\target\classes started by 曾昕阳 in E:\java_exercise\others\distribute_shizuo)
2021-06-12 00:14:41.758  INFO 17152 --- [main] indi.huishi.sms.UserApplication          : No active profile set, falling back to default profiles: default
2021-06-12 00:14:42.940  INFO 17152 --- [main] .s.d.r.c.RepositoryConfigurationDelegate : Multiple Spring Data modules found, entering strict repository configuration mode!
2021-06-12 00:14:42.942  INFO 17152 --- [main] .s.d.r.c.RepositoryConfigurationDelegate : Bootstrapping Spring Data Redis repositories in DEFAULT mode.
2021-06-12 00:14:42.970  INFO 17152 --- [main] .s.d.r.c.RepositoryConfigurationDelegate : Finished Spring Data repository scanning in 12 ms. Found 0 Redis repository interfaces.
2021-06-12 00:14:43.203  INFO 17152 --- [main] o.s.cloud.context.scope.GenericScope     : BeanFactory id=3759ae18-5da0-3b5e-b663-d1752046939d
2021-06-12 00:14:43.253  INFO 17152 --- [main] trationDelegate$BeanPostProcessorChecker : Bean 'com.alibaba.druid.spring.boot.autoconfigure.stat.DruidSpringAopConfiguration' of type [com.alibaba.druid.spring.boot.autoconfigure.stat.DruidSpringAopConfiguration] is not eligible for getting processed by all BeanPostProcessors (for example: not eligible for auto-proxying)
2021-06-12 00:14:43.284  INFO 17152 --- [main] trationDelegate$BeanPostProcessorChecker : Bean 'spring.datasource.druid-com.alibaba.druid.spring.boot.autoconfigure.properties.DruidStatProperties' of type [com.alibaba.druid.spring.boot.autoconfigure.properties.DruidStatProperties] is not eligible for getting processed by all BeanPostProcessors (for example: not eligible for auto-proxying)
2021-06-12 00:14:43.289  INFO 17152 --- [main] trationDelegate$BeanPostProcessorChecker : Bean 'advisor' of type [org.springframework.aop.support.RegexpMethodPointcutAdvisor] is not eligible for getting processed by all BeanPostProcessors (for example: not eligible for auto-proxying)
2021-06-12 00:14:43.568  INFO 17152 --- [main] o.s.b.w.embedded.tomcat.TomcatWebServer  : Tomcat initialized with port(s): 8080 (http)
2021-06-12 00:14:43.576  INFO 17152 --- [main] o.apache.catalina.core.StandardService   : Starting service [Tomcat]
2021-06-12 00:14:43.576  INFO 17152 --- [main] org.apache.catalina.core.StandardEngine  : Starting Servlet engine: [Apache Tomcat/9.0.45]
2021-06-12 00:14:43.777  INFO 17152 --- [main] o.a.c.c.C.[Tomcat].[localhost].[/]       : Initializing Spring embedded WebApplicationContext
2021-06-12 00:14:43.778  INFO 17152 --- [main] w.s.c.ServletWebServerApplicationContext : Root WebApplicationContext: initialization completed in 1953 ms
2021-06-12 00:14:44.336  INFO 17152 --- [main] c.a.d.s.b.a.DruidDataSourceAutoConfigure : Init DruidDataSource
2021-06-12 00:14:44.518  INFO 17152 --- [main] com.alibaba.druid.pool.DruidDataSource   : {dataSource-1} inited
2021-06-12 00:14:47.806  INFO 17152 --- [main] o.s.s.concurrent.ThreadPoolTaskExecutor  : Initializing ExecutorService 'applicationTaskExecutor'
2021-06-12 00:14:50.650  INFO 17152 --- [main] o.s.s.c.ThreadPoolTaskScheduler          : Initializing ExecutorService 'catalogWatchTaskScheduler'
2021-06-12 00:14:50.662  WARN 17152 --- [main] iguration$LoadBalancerCaffeineWarnLogger : Spring Cloud LoadBalancer is currently working with the default cache. You can switch to using Caffeine cache, by adding it and org.springframework.cache.caffeine.CaffeineCacheManager to the classpath.
2021-06-12 00:14:50.666  INFO 17152 --- [main] o.s.b.a.e.web.EndpointLinksResolver      : Exposing 2 endpoint(s) beneath base path '/actuator'
2021-06-12 00:14:50.766  INFO 17152 --- [main] o.s.b.w.embedded.tomcat.TomcatWebServer  : Tomcat started on port(s): 8080 (http) with context path ''
2021-06-12 00:14:50.776  INFO 17152 --- [main] o.s.c.c.s.ConsulServiceRegistry          : Registering service with consul: NewService{id='consul-user-8080', name='consul-user', tags=[], address='DESKTOP-0BJPABD', meta={secure=false}, port=8080, enableTagOverride=null, check=Check{script='null', dockerContainerID='null', shell='null', interval='10s', ttl='null', http='http://DESKTOP-0BJPABD:8080/actuator/health', method='null', header={}, tcp='null', timeout='null', deregisterCriticalServiceAfter='null', tlsSkipVerify=null, status='null', grpc='null', grpcUseTLS=null}, checks=null}
2021-06-12 00:14:52.404  INFO 17152 --- [main] indi.huishi.sms.UserApplication          : Started UserApplication in 12.117 seconds (JVM running for 13.91)
2021-06-12 00:14:52.498  INFO 17152 --- [http-nio-8080-exec-1] o.a.c.c.C.[Tomcat].[localhost].[/]       : Initializing Spring DispatcherServlet 'dispatcherServlet'
2021-06-12 00:14:52.498  INFO 17152 --- [http-nio-8080-exec-1] o.s.web.servlet.DispatcherServlet        : Initializing Servlet 'dispatcherServlet'
2021-06-12 00:14:52.499  INFO 17152 --- [http-nio-8080-exec-1] o.s.web.servlet.DispatcherServlet        : Completed initialization in 1 ms
2021-06-12 00:16:26.036  INFO 17152 --- [http-nio-8080-exec-1] i.huishi.sms.controller.UserController   : mail失败
2021-06-12 00:19:37.878  INFO 17152 --- [http-nio-8080-exec-2] i.huishi.sms.controller.UserController   : mail失败
2021-06-12 00:19:37.921  INFO 17152 --- [http-nio-8080-exec-3] i.huishi.sms.controller.UserController   : mail已完成
2021-06-12 00:26:53.908  INFO 17152 --- [http-nio-8080-exec-7] i.huishi.sms.controller.UserController   : mail失败
2021-06-12 00:26:59.803  INFO 17152 --- [http-nio-8080-exec-1] i.huishi.sms.controller.UserController   : 跳转到显示页面
2021-06-12 00:26:59.804  INFO 17152 --- [http-nio-8080-exec-1] i.huishi.sms.controller.UserController   : 登录成功
2021-06-12 00:27:15.062  INFO 17152 --- [http-nio-8080-exec-3] i.huishi.sms.controller.UserController   : mail已完成
2021-06-12 00:30:04.094  INFO 17152 --- [http-nio-8080-exec-3] i.huishi.sms.controller.UserController   : 跳转到显示页面
2021-06-12 00:30:04.094  INFO 17152 --- [http-nio-8080-exec-3] i.huishi.sms.controller.UserController   : 登录成功
2021-06-12 00:43:22.362  INFO 14380 --- [main] indi.huishi.sms.UserApplication          : Starting UserApplication using Java 1.8.0_65 on DESKTOP-0BJPABD with PID 14380 (E:\java_exercise\others\distribute_shizuo\user\target\classes started by 曾昕阳 in E:\java_exercise\others\distribute_shizuo)
2021-06-12 00:43:22.364  INFO 14380 --- [main] indi.huishi.sms.UserApplication          : No active profile set, falling back to default profiles: default
2021-06-12 00:43:23.519  INFO 14380 --- [main] .s.d.r.c.RepositoryConfigurationDelegate : Multiple Spring Data modules found, entering strict repository configuration mode!
2021-06-12 00:43:23.521  INFO 14380 --- [main] .s.d.r.c.RepositoryConfigurationDelegate : Bootstrapping Spring Data Redis repositories in DEFAULT mode.
2021-06-12 00:43:23.548  INFO 14380 --- [main] .s.d.r.c.RepositoryConfigurationDelegate : Finished Spring Data repository scanning in 11 ms. Found 0 Redis repository interfaces.
2021-06-12 00:43:23.764  INFO 14380 --- [main] o.s.cloud.context.scope.GenericScope     : BeanFactory id=3759ae18-5da0-3b5e-b663-d1752046939d
2021-06-12 00:43:23.814  INFO 14380 --- [main] trationDelegate$BeanPostProcessorChecker : Bean 'com.alibaba.druid.spring.boot.autoconfigure.stat.DruidSpringAopConfiguration' of type [com.alibaba.druid.spring.boot.autoconfigure.stat.DruidSpringAopConfiguration] is not eligible for getting processed by all BeanPostProcessors (for example: not eligible for auto-proxying)
2021-06-12 00:43:23.843  INFO 14380 --- [main] trationDelegate$BeanPostProcessorChecker : Bean 'spring.datasource.druid-com.alibaba.druid.spring.boot.autoconfigure.properties.DruidStatProperties' of type [com.alibaba.druid.spring.boot.autoconfigure.properties.DruidStatProperties] is not eligible for getting processed by all BeanPostProcessors (for example: not eligible for auto-proxying)
2021-06-12 00:43:23.849  INFO 14380 --- [main] trationDelegate$BeanPostProcessorChecker : Bean 'advisor' of type [org.springframework.aop.support.RegexpMethodPointcutAdvisor] is not eligible for getting processed by all BeanPostProcessors (for example: not eligible for auto-proxying)
2021-06-12 00:43:24.152  INFO 14380 --- [main] o.s.b.w.embedded.tomcat.TomcatWebServer  : Tomcat initialized with port(s): 8080 (http)
2021-06-12 00:43:24.160  INFO 14380 --- [main] o.apache.catalina.core.StandardService   : Starting service [Tomcat]
2021-06-12 00:43:24.160  INFO 14380 --- [main] org.apache.catalina.core.StandardEngine  : Starting Servlet engine: [Apache Tomcat/9.0.45]
2021-06-12 00:43:24.360  INFO 14380 --- [main] o.a.c.c.C.[Tomcat].[localhost].[/]       : Initializing Spring embedded WebApplicationContext
2021-06-12 00:43:24.360  INFO 14380 --- [main] w.s.c.ServletWebServerApplicationContext : Root WebApplicationContext: initialization completed in 1932 ms
2021-06-12 00:43:24.898  INFO 14380 --- [main] c.a.d.s.b.a.DruidDataSourceAutoConfigure : Init DruidDataSource
2021-06-12 00:43:25.091  INFO 14380 --- [main] com.alibaba.druid.pool.DruidDataSource   : {dataSource-1} inited
2021-06-12 00:43:28.281  INFO 14380 --- [main] o.s.s.concurrent.ThreadPoolTaskExecutor  : Initializing ExecutorService 'applicationTaskExecutor'
2021-06-12 00:43:31.043  INFO 14380 --- [main] o.s.s.c.ThreadPoolTaskScheduler          : Initializing ExecutorService 'catalogWatchTaskScheduler'
2021-06-12 00:43:31.062  WARN 14380 --- [main] iguration$LoadBalancerCaffeineWarnLogger : Spring Cloud LoadBalancer is currently working with the default cache. You can switch to using Caffeine cache, by adding it and org.springframework.cache.caffeine.CaffeineCacheManager to the classpath.
2021-06-12 00:43:31.066  INFO 14380 --- [main] o.s.b.a.e.web.EndpointLinksResolver      : Exposing 2 endpoint(s) beneath base path '/actuator'
2021-06-12 00:43:31.162  INFO 14380 --- [main] o.s.b.w.embedded.tomcat.TomcatWebServer  : Tomcat started on port(s): 8080 (http) with context path ''
2021-06-12 00:43:31.165  INFO 14380 --- [main] o.s.c.c.s.ConsulServiceRegistry          : Registering service with consul: NewService{id='consul-user-8080', name='consul-user', tags=[], address='DESKTOP-0BJPABD', meta={secure=false}, port=8080, enableTagOverride=null, check=Check{script='null', dockerContainerID='null', shell='null', interval='10s', ttl='null', http='http://DESKTOP-0BJPABD:8080/actuator/health', method='null', header={}, tcp='null', timeout='null', deregisterCriticalServiceAfter='null', tlsSkipVerify=null, status='null', grpc='null', grpcUseTLS=null}, checks=null}
2021-06-12 00:43:32.731  INFO 14380 --- [main] indi.huishi.sms.UserApplication          : Started UserApplication in 11.755 seconds (JVM running for 13.553)
2021-06-12 00:43:40.032  INFO 14380 --- [http-nio-8080-exec-1] o.a.c.c.C.[Tomcat].[localhost].[/]       : Initializing Spring DispatcherServlet 'dispatcherServlet'
2021-06-12 00:43:40.032  INFO 14380 --- [http-nio-8080-exec-1] o.s.web.servlet.DispatcherServlet        : Initializing Servlet 'dispatcherServlet'
2021-06-12 00:43:40.033  INFO 14380 --- [http-nio-8080-exec-1] o.s.web.servlet.DispatcherServlet        : Completed initialization in 1 ms
2021-06-12 00:44:49.420  INFO 14380 --- [http-nio-8080-exec-9] i.huishi.sms.controller.UserController   : 跳转到显示页面
2021-06-12 00:44:49.420  INFO 14380 --- [http-nio-8080-exec-9] i.huishi.sms.controller.UserController   : 登录成功
2021-06-12 00:48:35.046  INFO 16492 --- [main] indi.huishi.sms.UserApplication          : Starting UserApplication using Java 1.8.0_65 on DESKTOP-0BJPABD with PID 16492 (E:\java_exercise\others\distribute_shizuo\user\target\classes started by 曾昕阳 in E:\java_exercise\others\distribute_shizuo)
2021-06-12 00:48:35.048  INFO 16492 --- [main] indi.huishi.sms.UserApplication          : No active profile set, falling back to default profiles: default
2021-06-12 00:48:36.101  INFO 16492 --- [main] .s.d.r.c.RepositoryConfigurationDelegate : Multiple Spring Data modules found, entering strict repository configuration mode!
2021-06-12 00:48:36.103  INFO 16492 --- [main] .s.d.r.c.RepositoryConfigurationDelegate : Bootstrapping Spring Data Redis repositories in DEFAULT mode.
2021-06-12 00:48:36.127  INFO 16492 --- [main] .s.d.r.c.RepositoryConfigurationDelegate : Finished Spring Data repository scanning in 11 ms. Found 0 Redis repository interfaces.
2021-06-12 00:48:36.342  INFO 16492 --- [main] o.s.cloud.context.scope.GenericScope     : BeanFactory id=3759ae18-5da0-3b5e-b663-d1752046939d
2021-06-12 00:48:36.390  INFO 16492 --- [main] trationDelegate$BeanPostProcessorChecker : Bean 'com.alibaba.druid.spring.boot.autoconfigure.stat.DruidSpringAopConfiguration' of type [com.alibaba.druid.spring.boot.autoconfigure.stat.DruidSpringAopConfiguration] is not eligible for getting processed by all BeanPostProcessors (for example: not eligible for auto-proxying)
2021-06-12 00:48:36.415  INFO 16492 --- [main] trationDelegate$BeanPostProcessorChecker : Bean 'spring.datasource.druid-com.alibaba.druid.spring.boot.autoconfigure.properties.DruidStatProperties' of type [com.alibaba.druid.spring.boot.autoconfigure.properties.DruidStatProperties] is not eligible for getting processed by all BeanPostProcessors (for example: not eligible for auto-proxying)
2021-06-12 00:48:36.423  INFO 16492 --- [main] trationDelegate$BeanPostProcessorChecker : Bean 'advisor' of type [org.springframework.aop.support.RegexpMethodPointcutAdvisor] is not eligible for getting processed by all BeanPostProcessors (for example: not eligible for auto-proxying)
2021-06-12 00:48:36.686  INFO 16492 --- [main] o.s.b.w.embedded.tomcat.TomcatWebServer  : Tomcat initialized with port(s): 8080 (http)
2021-06-12 00:48:36.693  INFO 16492 --- [main] o.apache.catalina.core.StandardService   : Starting service [Tomcat]
2021-06-12 00:48:36.693  INFO 16492 --- [main] org.apache.catalina.core.StandardEngine  : Starting Servlet engine: [Apache Tomcat/9.0.45]
2021-06-12 00:48:36.884  INFO 16492 --- [main] o.a.c.c.C.[Tomcat].[localhost].[/]       : Initializing Spring embedded WebApplicationContext
2021-06-12 00:48:36.884  INFO 16492 --- [main] w.s.c.ServletWebServerApplicationContext : Root WebApplicationContext: initialization completed in 1771 ms
2021-06-12 00:48:37.417  INFO 16492 --- [main] c.a.d.s.b.a.DruidDataSourceAutoConfigure : Init DruidDataSource
2021-06-12 00:48:37.595  INFO 16492 --- [main] com.alibaba.druid.pool.DruidDataSource   : {dataSource-1} inited
2021-06-12 00:48:40.743  INFO 16492 --- [main] o.s.s.concurrent.ThreadPoolTaskExecutor  : Initializing ExecutorService 'applicationTaskExecutor'
2021-06-12 00:48:43.464  INFO 16492 --- [main] o.s.s.c.ThreadPoolTaskScheduler          : Initializing ExecutorService 'catalogWatchTaskScheduler'
2021-06-12 00:48:43.476  WARN 16492 --- [main] iguration$LoadBalancerCaffeineWarnLogger : Spring Cloud LoadBalancer is currently working with the default cache. You can switch to using Caffeine cache, by adding it and org.springframework.cache.caffeine.CaffeineCacheManager to the classpath.
2021-06-12 00:48:43.480  INFO 16492 --- [main] o.s.b.a.e.web.EndpointLinksResolver      : Exposing 2 endpoint(s) beneath base path '/actuator'
2021-06-12 00:48:43.573  INFO 16492 --- [main] o.s.b.w.embedded.tomcat.TomcatWebServer  : Tomcat started on port(s): 8080 (http) with context path ''
2021-06-12 00:48:43.576  INFO 16492 --- [main] o.s.c.c.s.ConsulServiceRegistry          : Registering service with consul: NewService{id='consul-user-8080', name='consul-user', tags=[], address='DESKTOP-0BJPABD', meta={secure=false}, port=8080, enableTagOverride=null, check=Check{script='null', dockerContainerID='null', shell='null', interval='10s', ttl='null', http='http://DESKTOP-0BJPABD:8080/actuator/health', method='null', header={}, tcp='null', timeout='null', deregisterCriticalServiceAfter='null', tlsSkipVerify=null, status='null', grpc='null', grpcUseTLS=null}, checks=null}
2021-06-12 00:48:43.627  INFO 16492 --- [http-nio-8080-exec-1] o.a.c.c.C.[Tomcat].[localhost].[/]       : Initializing Spring DispatcherServlet 'dispatcherServlet'
2021-06-12 00:48:43.627  INFO 16492 --- [http-nio-8080-exec-1] o.s.web.servlet.DispatcherServlet        : Initializing Servlet 'dispatcherServlet'
2021-06-12 00:48:43.628  INFO 16492 --- [http-nio-8080-exec-1] o.s.web.servlet.DispatcherServlet        : Completed initialization in 1 ms
2021-06-12 00:48:45.450  INFO 16492 --- [main] indi.huishi.sms.UserApplication          : Started UserApplication in 11.813 seconds (JVM running for 13.742)
2021-06-12 00:49:39.630  INFO 16492 --- [http-nio-8080-exec-7] i.huishi.sms.controller.UserController   : 跳转到显示页面
2021-06-12 00:49:39.630  INFO 16492 --- [http-nio-8080-exec-7] i.huishi.sms.controller.UserController   : 登录成功
2021-06-12 00:54:14.702  INFO 16492 --- [http-nio-8080-exec-4] i.huishi.sms.controller.UserController   : 跳转到显示页面
2021-06-12 00:54:14.702  INFO 16492 --- [http-nio-8080-exec-4] i.huishi.sms.controller.UserController   : 登录成功
2021-06-12 00:54:35.629  INFO 16492 --- [http-nio-8080-exec-3] i.huishi.sms.controller.UserController   : 跳转到显示页面
2021-06-12 00:54:35.629  INFO 16492 --- [http-nio-8080-exec-3] i.huishi.sms.controller.UserController   : 登录成功
2021-06-12 00:56:56.151  INFO 16492 --- [http-nio-8080-exec-9] i.huishi.sms.controller.UserController   : 跳转到显示页面
2021-06-12 00:56:56.151  INFO 16492 --- [http-nio-8080-exec-9] i.huishi.sms.controller.UserController   : 登录成功
2021-06-12 00:57:55.818  INFO 3772 --- [main] indi.huishi.sms.UserApplication          : Starting UserApplication using Java 1.8.0_65 on DESKTOP-0BJPABD with PID 3772 (E:\java_exercise\others\distribute_shizuo\user\target\classes started by 曾昕阳 in E:\java_exercise\others\distribute_shizuo)
2021-06-12 00:57:55.821  INFO 3772 --- [main] indi.huishi.sms.UserApplication          : No active profile set, falling back to default profiles: default
2021-06-12 00:57:57.089  INFO 3772 --- [main] .s.d.r.c.RepositoryConfigurationDelegate : Multiple Spring Data modules found, entering strict repository configuration mode!
2021-06-12 00:57:57.092  INFO 3772 --- [main] .s.d.r.c.RepositoryConfigurationDelegate : Bootstrapping Spring Data Redis repositories in DEFAULT mode.
2021-06-12 00:57:57.122  INFO 3772 --- [main] .s.d.r.c.RepositoryConfigurationDelegate : Finished Spring Data repository scanning in 13 ms. Found 0 Redis repository interfaces.
2021-06-12 00:57:57.394  INFO 3772 --- [main] o.s.cloud.context.scope.GenericScope     : BeanFactory id=3759ae18-5da0-3b5e-b663-d1752046939d
2021-06-12 00:57:57.472  INFO 3772 --- [main] trationDelegate$BeanPostProcessorChecker : Bean 'com.alibaba.druid.spring.boot.autoconfigure.stat.DruidSpringAopConfiguration' of type [com.alibaba.druid.spring.boot.autoconfigure.stat.DruidSpringAopConfiguration] is not eligible for getting processed by all BeanPostProcessors (for example: not eligible for auto-proxying)
2021-06-12 00:57:57.517  INFO 3772 --- [main] trationDelegate$BeanPostProcessorChecker : Bean 'spring.datasource.druid-com.alibaba.druid.spring.boot.autoconfigure.properties.DruidStatProperties' of type [com.alibaba.druid.spring.boot.autoconfigure.properties.DruidStatProperties] is not eligible for getting processed by all BeanPostProcessors (for example: not eligible for auto-proxying)
2021-06-12 00:57:57.523  INFO 3772 --- [main] trationDelegate$BeanPostProcessorChecker : Bean 'advisor' of type [org.springframework.aop.support.RegexpMethodPointcutAdvisor] is not eligible for getting processed by all BeanPostProcessors (for example: not eligible for auto-proxying)
2021-06-12 00:57:57.822  INFO 3772 --- [main] o.s.b.w.embedded.tomcat.TomcatWebServer  : Tomcat initialized with port(s): 8080 (http)
2021-06-12 00:57:57.831  INFO 3772 --- [main] o.apache.catalina.core.StandardService   : Starting service [Tomcat]
2021-06-12 00:57:57.831  INFO 3772 --- [main] org.apache.catalina.core.StandardEngine  : Starting Servlet engine: [Apache Tomcat/9.0.45]
2021-06-12 00:57:58.068  INFO 3772 --- [main] o.a.c.c.C.[Tomcat].[localhost].[/]       : Initializing Spring embedded WebApplicationContext
2021-06-12 00:57:58.068  INFO 3772 --- [main] w.s.c.ServletWebServerApplicationContext : Root WebApplicationContext: initialization completed in 2160 ms
2021-06-12 00:57:58.698  INFO 3772 --- [main] c.a.d.s.b.a.DruidDataSourceAutoConfigure : Init DruidDataSource
2021-06-12 00:57:58.902  INFO 3772 --- [main] com.alibaba.druid.pool.DruidDataSource   : {dataSource-1} inited
2021-06-12 00:58:03.596  INFO 3772 --- [main] o.s.s.concurrent.ThreadPoolTaskExecutor  : Initializing ExecutorService 'applicationTaskExecutor'
2021-06-12 00:58:07.236  INFO 3772 --- [main] o.s.s.c.ThreadPoolTaskScheduler          : Initializing ExecutorService 'catalogWatchTaskScheduler'
2021-06-12 00:58:07.248  WARN 3772 --- [main] iguration$LoadBalancerCaffeineWarnLogger : Spring Cloud LoadBalancer is currently working with the default cache. You can switch to using Caffeine cache, by adding it and org.springframework.cache.caffeine.CaffeineCacheManager to the classpath.
2021-06-12 00:58:07.252  INFO 3772 --- [main] o.s.b.a.e.web.EndpointLinksResolver      : Exposing 2 endpoint(s) beneath base path '/actuator'
2021-06-12 00:58:07.355  INFO 3772 --- [main] o.s.b.w.embedded.tomcat.TomcatWebServer  : Tomcat started on port(s): 8080 (http) with context path ''
2021-06-12 00:58:07.358  INFO 3772 --- [main] o.s.c.c.s.ConsulServiceRegistry          : Registering service with consul: NewService{id='consul-user-8080', name='consul-user', tags=[], address='DESKTOP-0BJPABD', meta={secure=false}, port=8080, enableTagOverride=null, check=Check{script='null', dockerContainerID='null', shell='null', interval='10s', ttl='null', http='http://DESKTOP-0BJPABD:8080/actuator/health', method='null', header={}, tcp='null', timeout='null', deregisterCriticalServiceAfter='null', tlsSkipVerify=null, status='null', grpc='null', grpcUseTLS=null}, checks=null}
2021-06-12 00:58:09.046  INFO 3772 --- [main] indi.huishi.sms.UserApplication          : Started UserApplication in 15.015 seconds (JVM running for 17.106)
2021-06-12 00:58:12.600  INFO 3772 --- [http-nio-8080-exec-1] o.a.c.c.C.[Tomcat].[localhost].[/]       : Initializing Spring DispatcherServlet 'dispatcherServlet'
2021-06-12 00:58:12.600  INFO 3772 --- [http-nio-8080-exec-1] o.s.web.servlet.DispatcherServlet        : Initializing Servlet 'dispatcherServlet'
2021-06-12 00:58:12.601  INFO 3772 --- [http-nio-8080-exec-1] o.s.web.servlet.DispatcherServlet        : Completed initialization in 1 ms
2021-06-12 00:58:24.312  INFO 3772 --- [http-nio-8080-exec-8] i.huishi.sms.controller.UserController   : 跳转到显示页面
2021-06-12 00:58:24.313  INFO 3772 --- [http-nio-8080-exec-8] i.huishi.sms.controller.UserController   : 登录成功
2021-06-12 00:59:56.252  INFO 13408 --- [main] indi.huishi.sms.UserApplication          : Starting UserApplication using Java 1.8.0_65 on DESKTOP-0BJPABD with PID 13408 (E:\java_exercise\others\distribute_shizuo\user\target\classes started by 曾昕阳 in E:\java_exercise\others\distribute_shizuo)
2021-06-12 00:59:56.256  INFO 13408 --- [main] indi.huishi.sms.UserApplication          : No active profile set, falling back to default profiles: default
2021-06-12 00:59:57.651  INFO 13408 --- [main] .s.d.r.c.RepositoryConfigurationDelegate : Multiple Spring Data modules found, entering strict repository configuration mode!
2021-06-12 00:59:57.654  INFO 13408 --- [main] .s.d.r.c.RepositoryConfigurationDelegate : Bootstrapping Spring Data Redis repositories in DEFAULT mode.
2021-06-12 00:59:57.682  INFO 13408 --- [main] .s.d.r.c.RepositoryConfigurationDelegate : Finished Spring Data repository scanning in 16 ms. Found 0 Redis repository interfaces.
2021-06-12 00:59:57.936  INFO 13408 --- [main] o.s.cloud.context.scope.GenericScope     : BeanFactory id=3759ae18-5da0-3b5e-b663-d1752046939d
2021-06-12 00:59:57.987  INFO 13408 --- [main] trationDelegate$BeanPostProcessorChecker : Bean 'com.alibaba.druid.spring.boot.autoconfigure.stat.DruidSpringAopConfiguration' of type [com.alibaba.druid.spring.boot.autoconfigure.stat.DruidSpringAopConfiguration] is not eligible for getting processed by all BeanPostProcessors (for example: not eligible for auto-proxying)
2021-06-12 00:59:58.021  INFO 13408 --- [main] trationDelegate$BeanPostProcessorChecker : Bean 'spring.datasource.druid-com.alibaba.druid.spring.boot.autoconfigure.properties.DruidStatProperties' of type [com.alibaba.druid.spring.boot.autoconfigure.properties.DruidStatProperties] is not eligible for getting processed by all BeanPostProcessors (for example: not eligible for auto-proxying)
2021-06-12 00:59:58.027  INFO 13408 --- [main] trationDelegate$BeanPostProcessorChecker : Bean 'advisor' of type [org.springframework.aop.support.RegexpMethodPointcutAdvisor] is not eligible for getting processed by all BeanPostProcessors (for example: not eligible for auto-proxying)
2021-06-12 00:59:58.324  INFO 13408 --- [main] o.s.b.w.embedded.tomcat.TomcatWebServer  : Tomcat initialized with port(s): 8080 (http)
2021-06-12 00:59:58.334  INFO 13408 --- [main] o.apache.catalina.core.StandardService   : Starting service [Tomcat]
2021-06-12 00:59:58.334  INFO 13408 --- [main] org.apache.catalina.core.StandardEngine  : Starting Servlet engine: [Apache Tomcat/9.0.45]
2021-06-12 00:59:58.568  INFO 13408 --- [main] o.a.c.c.C.[Tomcat].[localhost].[/]       : Initializing Spring embedded WebApplicationContext
2021-06-12 00:59:58.569  INFO 13408 --- [main] w.s.c.ServletWebServerApplicationContext : Root WebApplicationContext: initialization completed in 2215 ms
2021-06-12 00:59:59.224  INFO 13408 --- [main] c.a.d.s.b.a.DruidDataSourceAutoConfigure : Init DruidDataSource
2021-06-12 00:59:59.434  INFO 13408 --- [main] com.alibaba.druid.pool.DruidDataSource   : {dataSource-1} inited
2021-06-12 01:00:03.411  INFO 13408 --- [main] o.s.s.concurrent.ThreadPoolTaskExecutor  : Initializing ExecutorService 'applicationTaskExecutor'
2021-06-12 01:00:07.164  INFO 13408 --- [main] o.s.s.c.ThreadPoolTaskScheduler          : Initializing ExecutorService 'catalogWatchTaskScheduler'
2021-06-12 01:00:07.176  WARN 13408 --- [main] iguration$LoadBalancerCaffeineWarnLogger : Spring Cloud LoadBalancer is currently working with the default cache. You can switch to using Caffeine cache, by adding it and org.springframework.cache.caffeine.CaffeineCacheManager to the classpath.
2021-06-12 01:00:07.180  INFO 13408 --- [main] o.s.b.a.e.web.EndpointLinksResolver      : Exposing 2 endpoint(s) beneath base path '/actuator'
2021-06-12 01:00:07.296  INFO 13408 --- [main] o.s.b.w.embedded.tomcat.TomcatWebServer  : Tomcat started on port(s): 8080 (http) with context path ''
2021-06-12 01:00:07.299  INFO 13408 --- [main] o.s.c.c.s.ConsulServiceRegistry          : Registering service with consul: NewService{id='consul-user-8080', name='consul-user', tags=[], address='DESKTOP-0BJPABD', meta={secure=false}, port=8080, enableTagOverride=null, check=Check{script='null', dockerContainerID='null', shell='null', interval='10s', ttl='null', http='http://DESKTOP-0BJPABD:8080/actuator/health', method='null', header={}, tcp='null', timeout='null', deregisterCriticalServiceAfter='null', tlsSkipVerify=null, status='null', grpc='null', grpcUseTLS=null}, checks=null}
2021-06-12 01:00:09.394  INFO 13408 --- [main] indi.huishi.sms.UserApplication          : Started UserApplication in 15.18 seconds (JVM running for 16.878)
2021-06-12 01:00:12.889  INFO 13408 --- [http-nio-8080-exec-1] o.a.c.c.C.[Tomcat].[localhost].[/]       : Initializing Spring DispatcherServlet 'dispatcherServlet'
2021-06-12 01:00:12.889  INFO 13408 --- [http-nio-8080-exec-1] o.s.web.servlet.DispatcherServlet        : Initializing Servlet 'dispatcherServlet'
2021-06-12 01:00:12.891  INFO 13408 --- [http-nio-8080-exec-1] o.s.web.servlet.DispatcherServlet        : Completed initialization in 2 ms
2021-06-12 01:00:35.781  INFO 13408 --- [http-nio-8080-exec-4] i.huishi.sms.controller.UserController   : 跳转到显示页面
2021-06-12 01:00:35.782  INFO 13408 --- [http-nio-8080-exec-4] i.huishi.sms.controller.UserController   : 登录成功
2021-06-12 01:00:40.772  INFO 13408 --- [http-nio-8080-exec-7] i.huishi.sms.controller.UserController   : 跳转到显示页面
2021-06-12 01:00:40.773  INFO 13408 --- [http-nio-8080-exec-7] i.huishi.sms.controller.UserController   : 登录成功
2021-06-12 01:02:05.768  INFO 13408 --- [http-nio-8080-exec-9] i.huishi.sms.controller.UserController   : 跳转到显示页面
2021-06-12 01:02:05.776  INFO 13408 --- [http-nio-8080-exec-9] i.huishi.sms.controller.UserController   : 登录成功
2021-06-12 01:03:04.549  INFO 13408 --- [http-nio-8080-exec-7] i.huishi.sms.controller.UserController   : 跳转到显示页面
2021-06-12 01:03:04.549  INFO 13408 --- [http-nio-8080-exec-7] i.huishi.sms.controller.UserController   : 登录成功
2021-06-12 01:03:08.225  INFO 13408 --- [http-nio-8080-exec-8] i.huishi.sms.controller.UserController   : mail已完成
2021-06-12 01:03:14.639  INFO 13408 --- [http-nio-8080-exec-1] i.huishi.sms.controller.UserController   : 跳转到显示页面
2021-06-12 01:03:14.639  INFO 13408 --- [http-nio-8080-exec-1] i.huishi.sms.controller.UserController   : 登录成功
2021-06-12 01:06:42.700  INFO 2132 --- [main] indi.huishi.sms.UserApplication          : Starting UserApplication using Java 1.8.0_65 on DESKTOP-0BJPABD with PID 2132 (E:\java_exercise\others\distribute_shizuo\user\target\classes started by 曾昕阳 in E:\java_exercise\others\distribute_shizuo)
2021-06-12 01:06:42.705  INFO 2132 --- [main] indi.huishi.sms.UserApplication          : No active profile set, falling back to default profiles: default
2021-06-12 01:06:43.927  INFO 2132 --- [main] .s.d.r.c.RepositoryConfigurationDelegate : Multiple Spring Data modules found, entering strict repository configuration mode!
2021-06-12 01:06:43.929  INFO 2132 --- [main] .s.d.r.c.RepositoryConfigurationDelegate : Bootstrapping Spring Data Redis repositories in DEFAULT mode.
2021-06-12 01:06:43.961  INFO 2132 --- [main] .s.d.r.c.RepositoryConfigurationDelegate : Finished Spring Data repository scanning in 14 ms. Found 0 Redis repository interfaces.
2021-06-12 01:06:44.211  INFO 2132 --- [main] o.s.cloud.context.scope.GenericScope     : BeanFactory id=3759ae18-5da0-3b5e-b663-d1752046939d
2021-06-12 01:06:44.263  INFO 2132 --- [main] trationDelegate$BeanPostProcessorChecker : Bean 'com.alibaba.druid.spring.boot.autoconfigure.stat.DruidSpringAopConfiguration' of type [com.alibaba.druid.spring.boot.autoconfigure.stat.DruidSpringAopConfiguration] is not eligible for getting processed by all BeanPostProcessors (for example: not eligible for auto-proxying)
2021-06-12 01:06:44.300  INFO 2132 --- [main] trationDelegate$BeanPostProcessorChecker : Bean 'spring.datasource.druid-com.alibaba.druid.spring.boot.autoconfigure.properties.DruidStatProperties' of type [com.alibaba.druid.spring.boot.autoconfigure.properties.DruidStatProperties] is not eligible for getting processed by all BeanPostProcessors (for example: not eligible for auto-proxying)
2021-06-12 01:06:44.305  INFO 2132 --- [main] trationDelegate$BeanPostProcessorChecker : Bean 'advisor' of type [org.springframework.aop.support.RegexpMethodPointcutAdvisor] is not eligible for getting processed by all BeanPostProcessors (for example: not eligible for auto-proxying)
2021-06-12 01:06:44.593  INFO 2132 --- [main] o.s.b.w.embedded.tomcat.TomcatWebServer  : Tomcat initialized with port(s): 8080 (http)
2021-06-12 01:06:44.600  INFO 2132 --- [main] o.apache.catalina.core.StandardService   : Starting service [Tomcat]
2021-06-12 01:06:44.601  INFO 2132 --- [main] org.apache.catalina.core.StandardEngine  : Starting Servlet engine: [Apache Tomcat/9.0.45]
2021-06-12 01:06:44.823  INFO 2132 --- [main] o.a.c.c.C.[Tomcat].[localhost].[/]       : Initializing Spring embedded WebApplicationContext
2021-06-12 01:06:44.823  INFO 2132 --- [main] w.s.c.ServletWebServerApplicationContext : Root WebApplicationContext: initialization completed in 2048 ms
2021-06-12 01:06:45.537  INFO 2132 --- [main] c.a.d.s.b.a.DruidDataSourceAutoConfigure : Init DruidDataSource
2021-06-12 01:06:45.773  INFO 2132 --- [main] com.alibaba.druid.pool.DruidDataSource   : {dataSource-1} inited
2021-06-12 01:06:50.016  INFO 2132 --- [main] o.s.s.concurrent.ThreadPoolTaskExecutor  : Initializing ExecutorService 'applicationTaskExecutor'
2021-06-12 01:06:53.515  INFO 2132 --- [main] o.s.s.c.ThreadPoolTaskScheduler          : Initializing ExecutorService 'catalogWatchTaskScheduler'
2021-06-12 01:06:53.526  WARN 2132 --- [main] iguration$LoadBalancerCaffeineWarnLogger : Spring Cloud LoadBalancer is currently working with the default cache. You can switch to using Caffeine cache, by adding it and org.springframework.cache.caffeine.CaffeineCacheManager to the classpath.
2021-06-12 01:06:53.531  INFO 2132 --- [main] o.s.b.a.e.web.EndpointLinksResolver      : Exposing 2 endpoint(s) beneath base path '/actuator'
2021-06-12 01:06:53.640  INFO 2132 --- [main] o.s.b.w.embedded.tomcat.TomcatWebServer  : Tomcat started on port(s): 8080 (http) with context path ''
2021-06-12 01:06:53.644  INFO 2132 --- [main] o.s.c.c.s.ConsulServiceRegistry          : Registering service with consul: NewService{id='consul-user-8080', name='consul-user', tags=[], address='DESKTOP-0BJPABD', meta={secure=false}, port=8080, enableTagOverride=null, check=Check{script='null', dockerContainerID='null', shell='null', interval='10s', ttl='null', http='http://DESKTOP-0BJPABD:8080/actuator/health', method='null', header={}, tcp='null', timeout='null', deregisterCriticalServiceAfter='null', tlsSkipVerify=null, status='null', grpc='null', grpcUseTLS=null}, checks=null}
2021-06-12 01:06:53.932  INFO 2132 --- [http-nio-8080-exec-1] o.a.c.c.C.[Tomcat].[localhost].[/]       : Initializing Spring DispatcherServlet 'dispatcherServlet'
2021-06-12 01:06:53.932  INFO 2132 --- [http-nio-8080-exec-1] o.s.web.servlet.DispatcherServlet        : Initializing Servlet 'dispatcherServlet'
2021-06-12 01:06:53.934  INFO 2132 --- [http-nio-8080-exec-1] o.s.web.servlet.DispatcherServlet        : Completed initialization in 2 ms
2021-06-12 01:06:56.003  INFO 2132 --- [main] indi.huishi.sms.UserApplication          : Started UserApplication in 14.853 seconds (JVM running for 16.544)
2021-06-12 01:09:46.525  INFO 18452 --- [main] indi.huishi.sms.UserApplication          : Starting UserApplication using Java 1.8.0_65 on DESKTOP-0BJPABD with PID 18452 (E:\java_exercise\others\distribute_shizuo\user\target\classes started by 曾昕阳 in E:\java_exercise\others\distribute_shizuo)
2021-06-12 01:09:46.527  INFO 18452 --- [main] indi.huishi.sms.UserApplication          : No active profile set, falling back to default profiles: default
2021-06-12 01:09:47.763  INFO 18452 --- [main] .s.d.r.c.RepositoryConfigurationDelegate : Multiple Spring Data modules found, entering strict repository configuration mode!
2021-06-12 01:09:47.766  INFO 18452 --- [main] .s.d.r.c.RepositoryConfigurationDelegate : Bootstrapping Spring Data Redis repositories in DEFAULT mode.
2021-06-12 01:09:47.797  INFO 18452 --- [main] .s.d.r.c.RepositoryConfigurationDelegate : Finished Spring Data repository scanning in 14 ms. Found 0 Redis repository interfaces.
2021-06-12 01:09:48.057  INFO 18452 --- [main] o.s.cloud.context.scope.GenericScope     : BeanFactory id=3759ae18-5da0-3b5e-b663-d1752046939d
2021-06-12 01:09:48.121  INFO 18452 --- [main] trationDelegate$BeanPostProcessorChecker : Bean 'com.alibaba.druid.spring.boot.autoconfigure.stat.DruidSpringAopConfiguration' of type [com.alibaba.druid.spring.boot.autoconfigure.stat.DruidSpringAopConfiguration] is not eligible for getting processed by all BeanPostProcessors (for example: not eligible for auto-proxying)
2021-06-12 01:09:48.157  INFO 18452 --- [main] trationDelegate$BeanPostProcessorChecker : Bean 'spring.datasource.druid-com.alibaba.druid.spring.boot.autoconfigure.properties.DruidStatProperties' of type [com.alibaba.druid.spring.boot.autoconfigure.properties.DruidStatProperties] is not eligible for getting processed by all BeanPostProcessors (for example: not eligible for auto-proxying)
2021-06-12 01:09:48.168  INFO 18452 --- [main] trationDelegate$BeanPostProcessorChecker : Bean 'advisor' of type [org.springframework.aop.support.RegexpMethodPointcutAdvisor] is not eligible for getting processed by all BeanPostProcessors (for example: not eligible for auto-proxying)
2021-06-12 01:09:48.475  INFO 18452 --- [main] o.s.b.w.embedded.tomcat.TomcatWebServer  : Tomcat initialized with port(s): 8080 (http)
2021-06-12 01:09:48.483  INFO 18452 --- [main] o.apache.catalina.core.StandardService   : Starting service [Tomcat]
2021-06-12 01:09:48.483  INFO 18452 --- [main] org.apache.catalina.core.StandardEngine  : Starting Servlet engine: [Apache Tomcat/9.0.45]
2021-06-12 01:09:48.705  INFO 18452 --- [main] o.a.c.c.C.[Tomcat].[localhost].[/]       : Initializing Spring embedded WebApplicationContext
2021-06-12 01:09:48.705  INFO 18452 --- [main] w.s.c.ServletWebServerApplicationContext : Root WebApplicationContext: initialization completed in 2108 ms
2021-06-12 01:09:49.325  INFO 18452 --- [main] c.a.d.s.b.a.DruidDataSourceAutoConfigure : Init DruidDataSource
2021-06-12 01:09:49.539  INFO 18452 --- [main] com.alibaba.druid.pool.DruidDataSource   : {dataSource-1} inited
2021-06-12 01:09:53.874  INFO 18452 --- [main] o.s.s.concurrent.ThreadPoolTaskExecutor  : Initializing ExecutorService 'applicationTaskExecutor'
2021-06-12 01:09:57.690  INFO 18452 --- [main] o.s.s.c.ThreadPoolTaskScheduler          : Initializing ExecutorService 'catalogWatchTaskScheduler'
2021-06-12 01:09:57.701  WARN 18452 --- [main] iguration$LoadBalancerCaffeineWarnLogger : Spring Cloud LoadBalancer is currently working with the default cache. You can switch to using Caffeine cache, by adding it and org.springframework.cache.caffeine.CaffeineCacheManager to the classpath.
2021-06-12 01:09:57.706  INFO 18452 --- [main] o.s.b.a.e.web.EndpointLinksResolver      : Exposing 2 endpoint(s) beneath base path '/actuator'
2021-06-12 01:09:57.800  INFO 18452 --- [main] o.s.b.w.embedded.tomcat.TomcatWebServer  : Tomcat started on port(s): 8080 (http) with context path ''
2021-06-12 01:09:57.803  INFO 18452 --- [main] o.s.c.c.s.ConsulServiceRegistry          : Registering service with consul: NewService{id='consul-user-8080', name='consul-user', tags=[], address='DESKTOP-0BJPABD', meta={secure=false}, port=8080, enableTagOverride=null, check=Check{script='null', dockerContainerID='null', shell='null', interval='10s', ttl='null', http='http://DESKTOP-0BJPABD:8080/actuator/health', method='null', header={}, tcp='null', timeout='null', deregisterCriticalServiceAfter='null', tlsSkipVerify=null, status='null', grpc='null', grpcUseTLS=null}, checks=null}
2021-06-12 01:09:59.522  INFO 18452 --- [main] indi.huishi.sms.UserApplication          : Started UserApplication in 14.839 seconds (JVM running for 16.709)
2021-06-12 01:10:04.204  INFO 18452 --- [http-nio-8080-exec-1] o.a.c.c.C.[Tomcat].[localhost].[/]       : Initializing Spring DispatcherServlet 'dispatcherServlet'
2021-06-12 01:10:04.205  INFO 18452 --- [http-nio-8080-exec-1] o.s.web.servlet.DispatcherServlet        : Initializing Servlet 'dispatcherServlet'
2021-06-12 01:10:04.206  INFO 18452 --- [http-nio-8080-exec-1] o.s.web.servlet.DispatcherServlet        : Completed initialization in 1 ms
2021-06-12 01:10:33.841  INFO 18452 --- [http-nio-8080-exec-4] i.h.sms.interceptor.LoginInterceptor     : 1preHandle: /error
2021-06-12 01:10:33.842  INFO 18452 --- [http-nio-8080-exec-4] i.h.sms.interceptor.LoginInterceptor     : 拦截器：session中user的值为 null
2021-06-12 01:10:33.842  INFO 18452 --- [http-nio-8080-exec-4] i.h.sms.interceptor.LoginInterceptor     : 未登录
2021-06-12 01:10:36.583  INFO 18452 --- [http-nio-8080-exec-6] i.huishi.sms.controller.UserController   : 跳转到显示页面
2021-06-12 01:10:36.584  INFO 18452 --- [http-nio-8080-exec-6] i.huishi.sms.controller.UserController   : 登录成功
2021-06-12 01:10:48.973  INFO 18452 --- [http-nio-8080-exec-10] i.huishi.sms.controller.UserController   : 跳转到显示页面
2021-06-12 01:10:48.973  INFO 18452 --- [http-nio-8080-exec-10] i.huishi.sms.controller.UserController   : 登录成功
2021-06-12 01:11:12.041  INFO 18452 --- [http-nio-8080-exec-2] i.huishi.sms.controller.UserController   : mail已完成
2021-06-12 01:11:46.348  INFO 18452 --- [http-nio-8080-exec-8] i.huishi.sms.controller.UserController   : 跳转到显示页面
2021-06-12 01:11:46.348  INFO 18452 --- [http-nio-8080-exec-8] i.huishi.sms.controller.UserController   : 登录成功
2021-06-12 01:18:17.951  INFO 18452 --- [http-nio-8080-exec-1] i.huishi.sms.controller.UserController   : 跳转到显示页面
2021-06-12 01:18:17.951  INFO 18452 --- [http-nio-8080-exec-1] i.huishi.sms.controller.UserController   : 登录成功
2021-06-12 01:26:57.396  INFO 18452 --- [http-nio-8080-exec-6] i.h.sms.interceptor.LoginInterceptor     : 1preHandle: /error
2021-06-12 01:26:57.396  INFO 18452 --- [http-nio-8080-exec-6] i.h.sms.interceptor.LoginInterceptor     : 拦截器：session中user的值为 null
2021-06-12 01:26:57.396  INFO 18452 --- [http-nio-8080-exec-6] i.h.sms.interceptor.LoginInterceptor     : 未登录
2021-06-12 01:27:03.407  INFO 18452 --- [http-nio-8080-exec-7] i.h.sms.interceptor.LoginInterceptor     : 1preHandle: /error
2021-06-12 01:27:03.408  INFO 18452 --- [http-nio-8080-exec-7] i.h.sms.interceptor.LoginInterceptor     : 拦截器：session中user的值为 null
2021-06-12 01:27:03.408  INFO 18452 --- [http-nio-8080-exec-7] i.h.sms.interceptor.LoginInterceptor     : 未登录
2021-06-12 01:27:37.781  INFO 18452 --- [http-nio-8080-exec-2] i.huishi.sms.controller.UserController   : 跳转到显示页面
2021-06-12 01:27:37.782  INFO 18452 --- [http-nio-8080-exec-2] i.huishi.sms.controller.UserController   : 登录成功
2021-06-12 01:28:18.331  INFO 18452 --- [http-nio-8080-exec-7] i.h.sms.interceptor.LoginInterceptor     : 1preHandle: /error
2021-06-12 01:28:18.331  INFO 18452 --- [http-nio-8080-exec-7] i.h.sms.interceptor.LoginInterceptor     : 拦截器：session中user的值为 User(id=1, username=huishi, password=123456, email=null)
2021-06-12 01:28:18.471  INFO 18452 --- [http-nio-8080-exec-7] i.h.sms.interceptor.LoginInterceptor     : 1postHandle: /error
2021-06-12 01:28:18.480  INFO 18452 --- [http-nio-8080-exec-7] i.h.sms.interceptor.LoginInterceptor     : 1afterCompletion: /error
2021-06-12 01:29:57.343  INFO 18452 --- [http-nio-8080-exec-6] i.h.sms.interceptor.LoginInterceptor     : 1preHandle: /favicon.ico
2021-06-12 01:29:57.344  INFO 18452 --- [http-nio-8080-exec-6] i.h.sms.interceptor.LoginInterceptor     : 拦截器：session中user的值为 null
2021-06-12 01:29:57.344  INFO 18452 --- [http-nio-8080-exec-6] i.h.sms.interceptor.LoginInterceptor     : 未登录
2021-06-12 01:30:05.647  INFO 18452 --- [http-nio-8080-exec-8] i.h.sms.interceptor.LoginInterceptor     : 1preHandle: /favicon.ico
2021-06-12 01:30:05.647  INFO 18452 --- [http-nio-8080-exec-8] i.h.sms.interceptor.LoginInterceptor     : 拦截器：session中user的值为 null
2021-06-12 01:30:05.647  INFO 18452 --- [http-nio-8080-exec-8] i.h.sms.interceptor.LoginInterceptor     : 未登录
2021-06-12 01:30:14.632  INFO 18452 --- [http-nio-8080-exec-9] i.h.sms.interceptor.LoginInterceptor     : 1preHandle: /error
2021-06-12 01:30:14.633  INFO 18452 --- [http-nio-8080-exec-9] i.h.sms.interceptor.LoginInterceptor     : 拦截器：session中user的值为 null
2021-06-12 01:30:14.633  INFO 18452 --- [http-nio-8080-exec-9] i.h.sms.interceptor.LoginInterceptor     : 未登录
2021-06-12 01:30:15.234  INFO 18452 --- [http-nio-8080-exec-1] i.h.sms.interceptor.LoginInterceptor     : 1preHandle: /favicon.ico
2021-06-12 01:30:15.235  INFO 18452 --- [http-nio-8080-exec-1] i.h.sms.interceptor.LoginInterceptor     : 拦截器：session中user的值为 null
2021-06-12 01:30:15.235  INFO 18452 --- [http-nio-8080-exec-1] i.h.sms.interceptor.LoginInterceptor     : 未登录
2021-06-12 01:30:19.523  INFO 18452 --- [http-nio-8080-exec-5] i.h.sms.interceptor.LoginInterceptor     : 1preHandle: /error
2021-06-12 01:30:19.523  INFO 18452 --- [http-nio-8080-exec-5] i.h.sms.interceptor.LoginInterceptor     : 拦截器：session中user的值为 null
2021-06-12 01:30:19.523  INFO 18452 --- [http-nio-8080-exec-5] i.h.sms.interceptor.LoginInterceptor     : 未登录
2021-06-12 01:30:19.572  INFO 18452 --- [http-nio-8080-exec-2] i.h.sms.interceptor.LoginInterceptor     : 1preHandle: /favicon.ico
2021-06-12 01:30:19.573  INFO 18452 --- [http-nio-8080-exec-2] i.h.sms.interceptor.LoginInterceptor     : 拦截器：session中user的值为 null
2021-06-12 01:30:19.573  INFO 18452 --- [http-nio-8080-exec-2] i.h.sms.interceptor.LoginInterceptor     : 未登录
2021-06-12 01:32:45.733  WARN 18452 --- [http-nio-8080-exec-2] .w.s.m.s.DefaultHandlerExceptionResolver : Resolved [org.springframework.web.HttpRequestMethodNotSupportedException: Request method 'POST' not supported]
2021-06-12 01:32:45.735  INFO 18452 --- [http-nio-8080-exec-2] i.h.sms.interceptor.LoginInterceptor     : 1preHandle: /error
2021-06-12 01:32:45.735  INFO 18452 --- [http-nio-8080-exec-2] i.h.sms.interceptor.LoginInterceptor     : 拦截器：session中user的值为 null
2021-06-12 01:32:45.736  INFO 18452 --- [http-nio-8080-exec-2] i.h.sms.interceptor.LoginInterceptor     : 未登录
2021-06-12 01:32:45.738  WARN 18452 --- [http-nio-8080-exec-2] .w.s.m.s.DefaultHandlerExceptionResolver : Resolved [org.springframework.web.HttpRequestMethodNotSupportedException: Request method 'POST' not supported]
