2021-06-12 00:04:58.915  INFO 21104 --- [main] indi.huishi.sms.MailApplication          : Starting MailApplication using Java 1.8.0_65 on DESKTOP-0BJPABD with PID 21104 (E:\java_exercise\others\distribute_shizuo\mail\target\classes started by 曾昕阳 in E:\java_exercise\others\distribute_shizuo)
2021-06-12 00:04:58.921  INFO 21104 --- [main] indi.huishi.sms.MailApplication          : No active profile set, falling back to default profiles: default
2021-06-12 00:04:59.995  INFO 21104 --- [main] .s.d.r.c.RepositoryConfigurationDelegate : Multiple Spring Data modules found, entering strict repository configuration mode!
2021-06-12 00:04:59.997  INFO 21104 --- [main] .s.d.r.c.RepositoryConfigurationDelegate : Bootstrapping Spring Data Redis repositories in DEFAULT mode.
2021-06-12 00:05:00.023  INFO 21104 --- [main] .s.d.r.c.RepositoryConfigurationDelegate : Finished Spring Data repository scanning in 10 ms. Found 0 Redis repository interfaces.
2021-06-12 00:05:00.237  INFO 21104 --- [main] o.s.cloud.context.scope.GenericScope     : BeanFactory id=55bf71f6-bfdc-31f0-adc4-bb81eccf2748
2021-06-12 00:05:00.285  INFO 21104 --- [main] trationDelegate$BeanPostProcessorChecker : Bean 'com.alibaba.druid.spring.boot.autoconfigure.stat.DruidSpringAopConfiguration' of type [com.alibaba.druid.spring.boot.autoconfigure.stat.DruidSpringAopConfiguration] is not eligible for getting processed by all BeanPostProcessors (for example: not eligible for auto-proxying)
2021-06-12 00:05:00.316  INFO 21104 --- [main] trationDelegate$BeanPostProcessorChecker : Bean 'spring.datasource.druid-com.alibaba.druid.spring.boot.autoconfigure.properties.DruidStatProperties' of type [com.alibaba.druid.spring.boot.autoconfigure.properties.DruidStatProperties] is not eligible for getting processed by all BeanPostProcessors (for example: not eligible for auto-proxying)
2021-06-12 00:05:00.320  INFO 21104 --- [main] trationDelegate$BeanPostProcessorChecker : Bean 'advisor' of type [org.springframework.aop.support.RegexpMethodPointcutAdvisor] is not eligible for getting processed by all BeanPostProcessors (for example: not eligible for auto-proxying)
2021-06-12 00:05:00.582  INFO 21104 --- [main] o.s.b.w.embedded.tomcat.TomcatWebServer  : Tomcat initialized with port(s): 8025 (http)
2021-06-12 00:05:00.589  INFO 21104 --- [main] o.apache.catalina.core.StandardService   : Starting service [Tomcat]
2021-06-12 00:05:00.589  INFO 21104 --- [main] org.apache.catalina.core.StandardEngine  : Starting Servlet engine: [Apache Tomcat/9.0.45]
2021-06-12 00:05:00.785  INFO 21104 --- [main] o.a.c.c.C.[Tomcat].[localhost].[/]       : Initializing Spring embedded WebApplicationContext
2021-06-12 00:05:00.786  INFO 21104 --- [main] w.s.c.ServletWebServerApplicationContext : Root WebApplicationContext: initialization completed in 1797 ms
2021-06-12 00:05:03.007  INFO 21104 --- [main] o.s.s.concurrent.ThreadPoolTaskExecutor  : Initializing ExecutorService 'applicationTaskExecutor'
2021-06-12 00:05:03.210  INFO 21104 --- [main] c.a.d.s.b.a.DruidDataSourceAutoConfigure : Init DruidDataSource
2021-06-12 00:05:03.314  INFO 21104 --- [main] com.alibaba.druid.pool.DruidDataSource   : {dataSource-1} inited
2021-06-12 00:05:07.401  INFO 21104 --- [main] o.s.s.c.ThreadPoolTaskScheduler          : Initializing ExecutorService 'catalogWatchTaskScheduler'
2021-06-12 00:05:07.411  WARN 21104 --- [main] iguration$LoadBalancerCaffeineWarnLogger : Spring Cloud LoadBalancer is currently working with the default cache. You can switch to using Caffeine cache, by adding it and org.springframework.cache.caffeine.CaffeineCacheManager to the classpath.
2021-06-12 00:05:07.415  INFO 21104 --- [main] o.s.b.a.e.web.EndpointLinksResolver      : Exposing 2 endpoint(s) beneath base path '/actuator'
2021-06-12 00:05:07.544  INFO 21104 --- [main] o.s.b.w.embedded.tomcat.TomcatWebServer  : Tomcat started on port(s): 8025 (http) with context path ''
2021-06-12 00:05:07.547  INFO 21104 --- [main] o.s.c.c.s.ConsulServiceRegistry          : Registering service with consul: NewService{id='consul-mail-8025', name='consul-mail', tags=[], address='DESKTOP-0BJPABD', meta={secure=false}, port=8025, enableTagOverride=null, check=Check{script='null', dockerContainerID='null', shell='null', interval='10s', ttl='null', http='http://DESKTOP-0BJPABD:8025/actuator/health', method='null', header={}, tcp='null', timeout='null', deregisterCriticalServiceAfter='null', tlsSkipVerify=null, status='null', grpc='null', grpcUseTLS=null}, checks=null}
2021-06-12 00:05:07.769  INFO 21104 --- [http-nio-8025-exec-1] o.a.c.c.C.[Tomcat].[localhost].[/]       : Initializing Spring DispatcherServlet 'dispatcherServlet'
2021-06-12 00:05:07.770  INFO 21104 --- [http-nio-8025-exec-1] o.s.web.servlet.DispatcherServlet        : Initializing Servlet 'dispatcherServlet'
2021-06-12 00:05:07.771  INFO 21104 --- [http-nio-8025-exec-1] o.s.web.servlet.DispatcherServlet        : Completed initialization in 1 ms
2021-06-12 00:05:09.864  INFO 21104 --- [main] indi.huishi.sms.MailApplication          : Started MailApplication in 12.34 seconds (JVM running for 13.957)
2021-06-12 00:07:08.571 ERROR 21104 --- [http-nio-8025-exec-4] o.a.c.c.C.[.[.[/].[dispatcherServlet]    : Servlet.service() for servlet [dispatcherServlet] in context with path [] threw exception [Request processing failed; nested exception is java.lang.NullPointerException] with root cause

java.lang.NullPointerException: null
	at indi.huishi.sms.controller.MailController.doMailService(MailController.java:37) ~[classes/:na]
	at sun.reflect.NativeMethodAccessorImpl.invoke0(Native Method) ~[na:1.8.0_65]
	at sun.reflect.NativeMethodAccessorImpl.invoke(NativeMethodAccessorImpl.java:62) ~[na:1.8.0_65]
	at sun.reflect.DelegatingMethodAccessorImpl.invoke(DelegatingMethodAccessorImpl.java:43) ~[na:1.8.0_65]
	at java.lang.reflect.Method.invoke(Method.java:497) ~[na:1.8.0_65]
	at org.springframework.web.method.support.InvocableHandlerMethod.doInvoke(InvocableHandlerMethod.java:197) ~[spring-web-5.3.6.jar:5.3.6]
	at org.springframework.web.method.support.InvocableHandlerMethod.invokeForRequest(InvocableHandlerMethod.java:141) ~[spring-web-5.3.6.jar:5.3.6]
	at org.springframework.web.servlet.mvc.method.annotation.ServletInvocableHandlerMethod.invokeAndHandle(ServletInvocableHandlerMethod.java:106) ~[spring-webmvc-5.3.6.jar:5.3.6]
	at org.springframework.web.servlet.mvc.method.annotation.RequestMappingHandlerAdapter.invokeHandlerMethod(RequestMappingHandlerAdapter.java:894) ~[spring-webmvc-5.3.6.jar:5.3.6]
	at org.springframework.web.servlet.mvc.method.annotation.RequestMappingHandlerAdapter.handleInternal(RequestMappingHandlerAdapter.java:808) ~[spring-webmvc-5.3.6.jar:5.3.6]
	at org.springframework.web.servlet.mvc.method.AbstractHandlerMethodAdapter.handle(AbstractHandlerMethodAdapter.java:87) ~[spring-webmvc-5.3.6.jar:5.3.6]
	at org.springframework.web.servlet.DispatcherServlet.doDispatch(DispatcherServlet.java:1060) ~[spring-webmvc-5.3.6.jar:5.3.6]
	at org.springframework.web.servlet.DispatcherServlet.doService(DispatcherServlet.java:962) ~[spring-webmvc-5.3.6.jar:5.3.6]
	at org.springframework.web.servlet.FrameworkServlet.processRequest(FrameworkServlet.java:1006) ~[spring-webmvc-5.3.6.jar:5.3.6]
	at org.springframework.web.servlet.FrameworkServlet.doGet(FrameworkServlet.java:898) ~[spring-webmvc-5.3.6.jar:5.3.6]
	at javax.servlet.http.HttpServlet.service(HttpServlet.java:626) ~[tomcat-embed-core-9.0.45.jar:4.0.FR]
	at org.springframework.web.servlet.FrameworkServlet.service(FrameworkServlet.java:883) ~[spring-webmvc-5.3.6.jar:5.3.6]
	at javax.servlet.http.HttpServlet.service(HttpServlet.java:733) ~[tomcat-embed-core-9.0.45.jar:4.0.FR]
	at org.apache.catalina.core.ApplicationFilterChain.internalDoFilter(ApplicationFilterChain.java:227) ~[tomcat-embed-core-9.0.45.jar:9.0.45]
	at org.apache.catalina.core.ApplicationFilterChain.doFilter(ApplicationFilterChain.java:162) ~[tomcat-embed-core-9.0.45.jar:9.0.45]
	at org.apache.tomcat.websocket.server.WsFilter.doFilter(WsFilter.java:53) ~[tomcat-embed-websocket-9.0.45.jar:9.0.45]
	at org.apache.catalina.core.ApplicationFilterChain.internalDoFilter(ApplicationFilterChain.java:189) ~[tomcat-embed-core-9.0.45.jar:9.0.45]
	at org.apache.catalina.core.ApplicationFilterChain.doFilter(ApplicationFilterChain.java:162) ~[tomcat-embed-core-9.0.45.jar:9.0.45]
	at com.alibaba.druid.support.http.WebStatFilter.doFilter(WebStatFilter.java:124) ~[druid-1.1.17.jar:1.1.17]
	at org.apache.catalina.core.ApplicationFilterChain.internalDoFilter(ApplicationFilterChain.java:189) ~[tomcat-embed-core-9.0.45.jar:9.0.45]
	at org.apache.catalina.core.ApplicationFilterChain.doFilter(ApplicationFilterChain.java:162) ~[tomcat-embed-core-9.0.45.jar:9.0.45]
	at org.springframework.web.filter.RequestContextFilter.doFilterInternal(RequestContextFilter.java:100) ~[spring-web-5.3.6.jar:5.3.6]
	at org.springframework.web.filter.OncePerRequestFilter.doFilter(OncePerRequestFilter.java:119) ~[spring-web-5.3.6.jar:5.3.6]
	at org.apache.catalina.core.ApplicationFilterChain.internalDoFilter(ApplicationFilterChain.java:189) ~[tomcat-embed-core-9.0.45.jar:9.0.45]
	at org.apache.catalina.core.ApplicationFilterChain.doFilter(ApplicationFilterChain.java:162) ~[tomcat-embed-core-9.0.45.jar:9.0.45]
	at org.springframework.web.filter.FormContentFilter.doFilterInternal(FormContentFilter.java:93) ~[spring-web-5.3.6.jar:5.3.6]
	at org.springframework.web.filter.OncePerRequestFilter.doFilter(OncePerRequestFilter.java:119) ~[spring-web-5.3.6.jar:5.3.6]
	at org.apache.catalina.core.ApplicationFilterChain.internalDoFilter(ApplicationFilterChain.java:189) ~[tomcat-embed-core-9.0.45.jar:9.0.45]
	at org.apache.catalina.core.ApplicationFilterChain.doFilter(ApplicationFilterChain.java:162) ~[tomcat-embed-core-9.0.45.jar:9.0.45]
	at org.springframework.session.web.http.SessionRepositoryFilter.doFilterInternal(SessionRepositoryFilter.java:141) ~[spring-session-core-2.4.3.jar:2.4.3]
	at org.springframework.session.web.http.OncePerRequestFilter.doFilter(OncePerRequestFilter.java:82) ~[spring-session-core-2.4.3.jar:2.4.3]
	at org.apache.catalina.core.ApplicationFilterChain.internalDoFilter(ApplicationFilterChain.java:189) ~[tomcat-embed-core-9.0.45.jar:9.0.45]
	at org.apache.catalina.core.ApplicationFilterChain.doFilter(ApplicationFilterChain.java:162) ~[tomcat-embed-core-9.0.45.jar:9.0.45]
	at org.springframework.boot.actuate.metrics.web.servlet.WebMvcMetricsFilter.doFilterInternal(WebMvcMetricsFilter.java:93) ~[spring-boot-actuator-2.4.5.jar:2.4.5]
	at org.springframework.web.filter.OncePerRequestFilter.doFilter(OncePerRequestFilter.java:119) ~[spring-web-5.3.6.jar:5.3.6]
	at org.apache.catalina.core.ApplicationFilterChain.internalDoFilter(ApplicationFilterChain.java:189) ~[tomcat-embed-core-9.0.45.jar:9.0.45]
	at org.apache.catalina.core.ApplicationFilterChain.doFilter(ApplicationFilterChain.java:162) ~[tomcat-embed-core-9.0.45.jar:9.0.45]
	at org.springframework.web.filter.CharacterEncodingFilter.doFilterInternal(CharacterEncodingFilter.java:201) ~[spring-web-5.3.6.jar:5.3.6]
	at org.springframework.web.filter.OncePerRequestFilter.doFilter(OncePerRequestFilter.java:119) ~[spring-web-5.3.6.jar:5.3.6]
	at org.apache.catalina.core.ApplicationFilterChain.internalDoFilter(ApplicationFilterChain.java:189) ~[tomcat-embed-core-9.0.45.jar:9.0.45]
	at org.apache.catalina.core.ApplicationFilterChain.doFilter(ApplicationFilterChain.java:162) ~[tomcat-embed-core-9.0.45.jar:9.0.45]
	at org.apache.catalina.core.StandardWrapperValve.invoke(StandardWrapperValve.java:202) ~[tomcat-embed-core-9.0.45.jar:9.0.45]
	at org.apache.catalina.core.StandardContextValve.invoke(StandardContextValve.java:97) [tomcat-embed-core-9.0.45.jar:9.0.45]
	at org.apache.catalina.authenticator.AuthenticatorBase.invoke(AuthenticatorBase.java:542) [tomcat-embed-core-9.0.45.jar:9.0.45]
	at org.apache.catalina.core.StandardHostValve.invoke(StandardHostValve.java:143) [tomcat-embed-core-9.0.45.jar:9.0.45]
	at org.apache.catalina.valves.ErrorReportValve.invoke(ErrorReportValve.java:92) [tomcat-embed-core-9.0.45.jar:9.0.45]
	at org.apache.catalina.core.StandardEngineValve.invoke(StandardEngineValve.java:78) [tomcat-embed-core-9.0.45.jar:9.0.45]
	at org.apache.catalina.connector.CoyoteAdapter.service(CoyoteAdapter.java:357) [tomcat-embed-core-9.0.45.jar:9.0.45]
	at org.apache.coyote.http11.Http11Processor.service(Http11Processor.java:374) [tomcat-embed-core-9.0.45.jar:9.0.45]
	at org.apache.coyote.AbstractProcessorLight.process(AbstractProcessorLight.java:65) [tomcat-embed-core-9.0.45.jar:9.0.45]
	at org.apache.coyote.AbstractProtocol$ConnectionHandler.process(AbstractProtocol.java:893) [tomcat-embed-core-9.0.45.jar:9.0.45]
	at org.apache.tomcat.util.net.NioEndpoint$SocketProcessor.doRun(NioEndpoint.java:1707) [tomcat-embed-core-9.0.45.jar:9.0.45]
	at org.apache.tomcat.util.net.SocketProcessorBase.run(SocketProcessorBase.java:49) [tomcat-embed-core-9.0.45.jar:9.0.45]
	at java.util.concurrent.ThreadPoolExecutor.runWorker(ThreadPoolExecutor.java:1142) [na:1.8.0_65]
	at java.util.concurrent.ThreadPoolExecutor$Worker.run(ThreadPoolExecutor.java:617) [na:1.8.0_65]
	at org.apache.tomcat.util.threads.TaskThread$WrappingRunnable.run(TaskThread.java:61) [tomcat-embed-core-9.0.45.jar:9.0.45]
	at java.lang.Thread.run(Thread.java:745) [na:1.8.0_65]

2021-06-12 00:09:36.213  INFO 21468 --- [main] indi.huishi.sms.MailApplication          : Starting MailApplication using Java 1.8.0_65 on DESKTOP-0BJPABD with PID 21468 (E:\java_exercise\others\distribute_shizuo\mail\target\classes started by 曾昕阳 in E:\java_exercise\others\distribute_shizuo)
2021-06-12 00:09:36.215  INFO 21468 --- [main] indi.huishi.sms.MailApplication          : No active profile set, falling back to default profiles: default
2021-06-12 00:09:37.377  INFO 21468 --- [main] .s.d.r.c.RepositoryConfigurationDelegate : Multiple Spring Data modules found, entering strict repository configuration mode!
2021-06-12 00:09:37.379  INFO 21468 --- [main] .s.d.r.c.RepositoryConfigurationDelegate : Bootstrapping Spring Data Redis repositories in DEFAULT mode.
2021-06-12 00:09:37.406  INFO 21468 --- [main] .s.d.r.c.RepositoryConfigurationDelegate : Finished Spring Data repository scanning in 10 ms. Found 0 Redis repository interfaces.
2021-06-12 00:09:37.636  INFO 21468 --- [main] o.s.cloud.context.scope.GenericScope     : BeanFactory id=55bf71f6-bfdc-31f0-adc4-bb81eccf2748
2021-06-12 00:09:37.685  INFO 21468 --- [main] trationDelegate$BeanPostProcessorChecker : Bean 'com.alibaba.druid.spring.boot.autoconfigure.stat.DruidSpringAopConfiguration' of type [com.alibaba.druid.spring.boot.autoconfigure.stat.DruidSpringAopConfiguration] is not eligible for getting processed by all BeanPostProcessors (for example: not eligible for auto-proxying)
2021-06-12 00:09:37.717  INFO 21468 --- [main] trationDelegate$BeanPostProcessorChecker : Bean 'spring.datasource.druid-com.alibaba.druid.spring.boot.autoconfigure.properties.DruidStatProperties' of type [com.alibaba.druid.spring.boot.autoconfigure.properties.DruidStatProperties] is not eligible for getting processed by all BeanPostProcessors (for example: not eligible for auto-proxying)
2021-06-12 00:09:37.723  INFO 21468 --- [main] trationDelegate$BeanPostProcessorChecker : Bean 'advisor' of type [org.springframework.aop.support.RegexpMethodPointcutAdvisor] is not eligible for getting processed by all BeanPostProcessors (for example: not eligible for auto-proxying)
2021-06-12 00:09:38.077  INFO 21468 --- [main] o.s.b.w.embedded.tomcat.TomcatWebServer  : Tomcat initialized with port(s): 8025 (http)
2021-06-12 00:09:38.086  INFO 21468 --- [main] o.apache.catalina.core.StandardService   : Starting service [Tomcat]
2021-06-12 00:09:38.086  INFO 21468 --- [main] org.apache.catalina.core.StandardEngine  : Starting Servlet engine: [Apache Tomcat/9.0.45]
2021-06-12 00:09:38.294  INFO 21468 --- [main] o.a.c.c.C.[Tomcat].[localhost].[/]       : Initializing Spring embedded WebApplicationContext
2021-06-12 00:09:38.294  INFO 21468 --- [main] w.s.c.ServletWebServerApplicationContext : Root WebApplicationContext: initialization completed in 2011 ms
2021-06-12 00:09:41.170  INFO 21468 --- [main] o.s.s.concurrent.ThreadPoolTaskExecutor  : Initializing ExecutorService 'applicationTaskExecutor'
2021-06-12 00:09:41.393  INFO 21468 --- [main] c.a.d.s.b.a.DruidDataSourceAutoConfigure : Init DruidDataSource
2021-06-12 00:09:41.511  INFO 21468 --- [main] com.alibaba.druid.pool.DruidDataSource   : {dataSource-1} inited
2021-06-12 00:09:45.746  INFO 21468 --- [main] o.s.s.c.ThreadPoolTaskScheduler          : Initializing ExecutorService 'catalogWatchTaskScheduler'
2021-06-12 00:09:45.757  WARN 21468 --- [main] iguration$LoadBalancerCaffeineWarnLogger : Spring Cloud LoadBalancer is currently working with the default cache. You can switch to using Caffeine cache, by adding it and org.springframework.cache.caffeine.CaffeineCacheManager to the classpath.
2021-06-12 00:09:45.761  INFO 21468 --- [main] o.s.b.a.e.web.EndpointLinksResolver      : Exposing 2 endpoint(s) beneath base path '/actuator'
2021-06-12 00:09:45.901  INFO 21468 --- [main] o.s.b.w.embedded.tomcat.TomcatWebServer  : Tomcat started on port(s): 8025 (http) with context path ''
2021-06-12 00:09:45.904  INFO 21468 --- [main] o.s.c.c.s.ConsulServiceRegistry          : Registering service with consul: NewService{id='consul-mail-8025', name='consul-mail', tags=[], address='DESKTOP-0BJPABD', meta={secure=false}, port=8025, enableTagOverride=null, check=Check{script='null', dockerContainerID='null', shell='null', interval='10s', ttl='null', http='http://DESKTOP-0BJPABD:8025/actuator/health', method='null', header={}, tcp='null', timeout='null', deregisterCriticalServiceAfter='null', tlsSkipVerify=null, status='null', grpc='null', grpcUseTLS=null}, checks=null}
2021-06-12 00:09:46.049  INFO 21468 --- [http-nio-8025-exec-1] o.a.c.c.C.[Tomcat].[localhost].[/]       : Initializing Spring DispatcherServlet 'dispatcherServlet'
2021-06-12 00:09:46.049  INFO 21468 --- [http-nio-8025-exec-1] o.s.web.servlet.DispatcherServlet        : Initializing Servlet 'dispatcherServlet'
2021-06-12 00:09:46.051  INFO 21468 --- [http-nio-8025-exec-1] o.s.web.servlet.DispatcherServlet        : Completed initialization in 2 ms
2021-06-12 00:09:49.023  INFO 21468 --- [main] indi.huishi.sms.MailApplication          : Started MailApplication in 14.325 seconds (JVM running for 16.465)
2021-06-12 00:10:09.635 ERROR 21468 --- [http-nio-8025-exec-7] o.a.c.c.C.[.[.[/].[dispatcherServlet]    : Servlet.service() for servlet [dispatcherServlet] in context with path [] threw exception [Request processing failed; nested exception is java.lang.NullPointerException] with root cause

java.lang.NullPointerException: null
	at indi.huishi.sms.controller.MailController.doMailService(MailController.java:37) ~[classes/:na]
	at sun.reflect.NativeMethodAccessorImpl.invoke0(Native Method) ~[na:1.8.0_65]
	at sun.reflect.NativeMethodAccessorImpl.invoke(NativeMethodAccessorImpl.java:62) ~[na:1.8.0_65]
	at sun.reflect.DelegatingMethodAccessorImpl.invoke(DelegatingMethodAccessorImpl.java:43) ~[na:1.8.0_65]
	at java.lang.reflect.Method.invoke(Method.java:497) ~[na:1.8.0_65]
	at org.springframework.web.method.support.InvocableHandlerMethod.doInvoke(InvocableHandlerMethod.java:197) ~[spring-web-5.3.6.jar:5.3.6]
	at org.springframework.web.method.support.InvocableHandlerMethod.invokeForRequest(InvocableHandlerMethod.java:141) ~[spring-web-5.3.6.jar:5.3.6]
	at org.springframework.web.servlet.mvc.method.annotation.ServletInvocableHandlerMethod.invokeAndHandle(ServletInvocableHandlerMethod.java:106) ~[spring-webmvc-5.3.6.jar:5.3.6]
	at org.springframework.web.servlet.mvc.method.annotation.RequestMappingHandlerAdapter.invokeHandlerMethod(RequestMappingHandlerAdapter.java:894) ~[spring-webmvc-5.3.6.jar:5.3.6]
	at org.springframework.web.servlet.mvc.method.annotation.RequestMappingHandlerAdapter.handleInternal(RequestMappingHandlerAdapter.java:808) ~[spring-webmvc-5.3.6.jar:5.3.6]
	at org.springframework.web.servlet.mvc.method.AbstractHandlerMethodAdapter.handle(AbstractHandlerMethodAdapter.java:87) ~[spring-webmvc-5.3.6.jar:5.3.6]
	at org.springframework.web.servlet.DispatcherServlet.doDispatch(DispatcherServlet.java:1060) ~[spring-webmvc-5.3.6.jar:5.3.6]
	at org.springframework.web.servlet.DispatcherServlet.doService(DispatcherServlet.java:962) ~[spring-webmvc-5.3.6.jar:5.3.6]
	at org.springframework.web.servlet.FrameworkServlet.processRequest(FrameworkServlet.java:1006) ~[spring-webmvc-5.3.6.jar:5.3.6]
	at org.springframework.web.servlet.FrameworkServlet.doGet(FrameworkServlet.java:898) ~[spring-webmvc-5.3.6.jar:5.3.6]
	at javax.servlet.http.HttpServlet.service(HttpServlet.java:626) ~[tomcat-embed-core-9.0.45.jar:4.0.FR]
	at org.springframework.web.servlet.FrameworkServlet.service(FrameworkServlet.java:883) ~[spring-webmvc-5.3.6.jar:5.3.6]
	at javax.servlet.http.HttpServlet.service(HttpServlet.java:733) ~[tomcat-embed-core-9.0.45.jar:4.0.FR]
	at org.apache.catalina.core.ApplicationFilterChain.internalDoFilter(ApplicationFilterChain.java:227) ~[tomcat-embed-core-9.0.45.jar:9.0.45]
	at org.apache.catalina.core.ApplicationFilterChain.doFilter(ApplicationFilterChain.java:162) ~[tomcat-embed-core-9.0.45.jar:9.0.45]
	at org.apache.tomcat.websocket.server.WsFilter.doFilter(WsFilter.java:53) ~[tomcat-embed-websocket-9.0.45.jar:9.0.45]
	at org.apache.catalina.core.ApplicationFilterChain.internalDoFilter(ApplicationFilterChain.java:189) ~[tomcat-embed-core-9.0.45.jar:9.0.45]
	at org.apache.catalina.core.ApplicationFilterChain.doFilter(ApplicationFilterChain.java:162) ~[tomcat-embed-core-9.0.45.jar:9.0.45]
	at com.alibaba.druid.support.http.WebStatFilter.doFilter(WebStatFilter.java:124) ~[druid-1.1.17.jar:1.1.17]
	at org.apache.catalina.core.ApplicationFilterChain.internalDoFilter(ApplicationFilterChain.java:189) ~[tomcat-embed-core-9.0.45.jar:9.0.45]
	at org.apache.catalina.core.ApplicationFilterChain.doFilter(ApplicationFilterChain.java:162) ~[tomcat-embed-core-9.0.45.jar:9.0.45]
	at org.springframework.web.filter.RequestContextFilter.doFilterInternal(RequestContextFilter.java:100) ~[spring-web-5.3.6.jar:5.3.6]
	at org.springframework.web.filter.OncePerRequestFilter.doFilter(OncePerRequestFilter.java:119) ~[spring-web-5.3.6.jar:5.3.6]
	at org.apache.catalina.core.ApplicationFilterChain.internalDoFilter(ApplicationFilterChain.java:189) ~[tomcat-embed-core-9.0.45.jar:9.0.45]
	at org.apache.catalina.core.ApplicationFilterChain.doFilter(ApplicationFilterChain.java:162) ~[tomcat-embed-core-9.0.45.jar:9.0.45]
	at org.springframework.web.filter.FormContentFilter.doFilterInternal(FormContentFilter.java:93) ~[spring-web-5.3.6.jar:5.3.6]
	at org.springframework.web.filter.OncePerRequestFilter.doFilter(OncePerRequestFilter.java:119) ~[spring-web-5.3.6.jar:5.3.6]
	at org.apache.catalina.core.ApplicationFilterChain.internalDoFilter(ApplicationFilterChain.java:189) ~[tomcat-embed-core-9.0.45.jar:9.0.45]
	at org.apache.catalina.core.ApplicationFilterChain.doFilter(ApplicationFilterChain.java:162) ~[tomcat-embed-core-9.0.45.jar:9.0.45]
	at org.springframework.session.web.http.SessionRepositoryFilter.doFilterInternal(SessionRepositoryFilter.java:141) ~[spring-session-core-2.4.3.jar:2.4.3]
	at org.springframework.session.web.http.OncePerRequestFilter.doFilter(OncePerRequestFilter.java:82) ~[spring-session-core-2.4.3.jar:2.4.3]
	at org.apache.catalina.core.ApplicationFilterChain.internalDoFilter(ApplicationFilterChain.java:189) ~[tomcat-embed-core-9.0.45.jar:9.0.45]
	at org.apache.catalina.core.ApplicationFilterChain.doFilter(ApplicationFilterChain.java:162) ~[tomcat-embed-core-9.0.45.jar:9.0.45]
	at org.springframework.boot.actuate.metrics.web.servlet.WebMvcMetricsFilter.doFilterInternal(WebMvcMetricsFilter.java:93) ~[spring-boot-actuator-2.4.5.jar:2.4.5]
	at org.springframework.web.filter.OncePerRequestFilter.doFilter(OncePerRequestFilter.java:119) ~[spring-web-5.3.6.jar:5.3.6]
	at org.apache.catalina.core.ApplicationFilterChain.internalDoFilter(ApplicationFilterChain.java:189) ~[tomcat-embed-core-9.0.45.jar:9.0.45]
	at org.apache.catalina.core.ApplicationFilterChain.doFilter(ApplicationFilterChain.java:162) ~[tomcat-embed-core-9.0.45.jar:9.0.45]
	at org.springframework.web.filter.CharacterEncodingFilter.doFilterInternal(CharacterEncodingFilter.java:201) ~[spring-web-5.3.6.jar:5.3.6]
	at org.springframework.web.filter.OncePerRequestFilter.doFilter(OncePerRequestFilter.java:119) ~[spring-web-5.3.6.jar:5.3.6]
	at org.apache.catalina.core.ApplicationFilterChain.internalDoFilter(ApplicationFilterChain.java:189) ~[tomcat-embed-core-9.0.45.jar:9.0.45]
	at org.apache.catalina.core.ApplicationFilterChain.doFilter(ApplicationFilterChain.java:162) ~[tomcat-embed-core-9.0.45.jar:9.0.45]
	at org.apache.catalina.core.StandardWrapperValve.invoke(StandardWrapperValve.java:202) ~[tomcat-embed-core-9.0.45.jar:9.0.45]
	at org.apache.catalina.core.StandardContextValve.invoke(StandardContextValve.java:97) [tomcat-embed-core-9.0.45.jar:9.0.45]
	at org.apache.catalina.authenticator.AuthenticatorBase.invoke(AuthenticatorBase.java:542) [tomcat-embed-core-9.0.45.jar:9.0.45]
	at org.apache.catalina.core.StandardHostValve.invoke(StandardHostValve.java:143) [tomcat-embed-core-9.0.45.jar:9.0.45]
	at org.apache.catalina.valves.ErrorReportValve.invoke(ErrorReportValve.java:92) [tomcat-embed-core-9.0.45.jar:9.0.45]
	at org.apache.catalina.core.StandardEngineValve.invoke(StandardEngineValve.java:78) [tomcat-embed-core-9.0.45.jar:9.0.45]
	at org.apache.catalina.connector.CoyoteAdapter.service(CoyoteAdapter.java:357) [tomcat-embed-core-9.0.45.jar:9.0.45]
	at org.apache.coyote.http11.Http11Processor.service(Http11Processor.java:374) [tomcat-embed-core-9.0.45.jar:9.0.45]
	at org.apache.coyote.AbstractProcessorLight.process(AbstractProcessorLight.java:65) [tomcat-embed-core-9.0.45.jar:9.0.45]
	at org.apache.coyote.AbstractProtocol$ConnectionHandler.process(AbstractProtocol.java:893) [tomcat-embed-core-9.0.45.jar:9.0.45]
	at org.apache.tomcat.util.net.NioEndpoint$SocketProcessor.doRun(NioEndpoint.java:1707) [tomcat-embed-core-9.0.45.jar:9.0.45]
	at org.apache.tomcat.util.net.SocketProcessorBase.run(SocketProcessorBase.java:49) [tomcat-embed-core-9.0.45.jar:9.0.45]
	at java.util.concurrent.ThreadPoolExecutor.runWorker(ThreadPoolExecutor.java:1142) [na:1.8.0_65]
	at java.util.concurrent.ThreadPoolExecutor$Worker.run(ThreadPoolExecutor.java:617) [na:1.8.0_65]
	at org.apache.tomcat.util.threads.TaskThread$WrappingRunnable.run(TaskThread.java:61) [tomcat-embed-core-9.0.45.jar:9.0.45]
	at java.lang.Thread.run(Thread.java:745) [na:1.8.0_65]

2021-06-12 00:11:14.540  INFO 21052 --- [main] indi.huishi.sms.MailApplication          : Starting MailApplication using Java 1.8.0_65 on DESKTOP-0BJPABD with PID 21052 (E:\java_exercise\others\distribute_shizuo\mail\target\classes started by 曾昕阳 in E:\java_exercise\others\distribute_shizuo)
2021-06-12 00:11:14.542  INFO 21052 --- [main] indi.huishi.sms.MailApplication          : No active profile set, falling back to default profiles: default
2021-06-12 00:11:15.585  INFO 21052 --- [main] .s.d.r.c.RepositoryConfigurationDelegate : Multiple Spring Data modules found, entering strict repository configuration mode!
2021-06-12 00:11:15.587  INFO 21052 --- [main] .s.d.r.c.RepositoryConfigurationDelegate : Bootstrapping Spring Data Redis repositories in DEFAULT mode.
2021-06-12 00:11:15.614  INFO 21052 --- [main] .s.d.r.c.RepositoryConfigurationDelegate : Finished Spring Data repository scanning in 12 ms. Found 0 Redis repository interfaces.
2021-06-12 00:11:15.844  INFO 21052 --- [main] o.s.cloud.context.scope.GenericScope     : BeanFactory id=55bf71f6-bfdc-31f0-adc4-bb81eccf2748
2021-06-12 00:11:15.898  INFO 21052 --- [main] trationDelegate$BeanPostProcessorChecker : Bean 'com.alibaba.druid.spring.boot.autoconfigure.stat.DruidSpringAopConfiguration' of type [com.alibaba.druid.spring.boot.autoconfigure.stat.DruidSpringAopConfiguration] is not eligible for getting processed by all BeanPostProcessors (for example: not eligible for auto-proxying)
2021-06-12 00:11:15.927  INFO 21052 --- [main] trationDelegate$BeanPostProcessorChecker : Bean 'spring.datasource.druid-com.alibaba.druid.spring.boot.autoconfigure.properties.DruidStatProperties' of type [com.alibaba.druid.spring.boot.autoconfigure.properties.DruidStatProperties] is not eligible for getting processed by all BeanPostProcessors (for example: not eligible for auto-proxying)
2021-06-12 00:11:15.937  INFO 21052 --- [main] trationDelegate$BeanPostProcessorChecker : Bean 'advisor' of type [org.springframework.aop.support.RegexpMethodPointcutAdvisor] is not eligible for getting processed by all BeanPostProcessors (for example: not eligible for auto-proxying)
2021-06-12 00:11:16.217  INFO 21052 --- [main] o.s.b.w.embedded.tomcat.TomcatWebServer  : Tomcat initialized with port(s): 8025 (http)
2021-06-12 00:11:16.225  INFO 21052 --- [main] o.apache.catalina.core.StandardService   : Starting service [Tomcat]
2021-06-12 00:11:16.225  INFO 21052 --- [main] org.apache.catalina.core.StandardEngine  : Starting Servlet engine: [Apache Tomcat/9.0.45]
2021-06-12 00:11:16.424  INFO 21052 --- [main] o.a.c.c.C.[Tomcat].[localhost].[/]       : Initializing Spring embedded WebApplicationContext
2021-06-12 00:11:16.424  INFO 21052 --- [main] w.s.c.ServletWebServerApplicationContext : Root WebApplicationContext: initialization completed in 1816 ms
2021-06-12 00:11:18.756  INFO 21052 --- [main] o.s.s.concurrent.ThreadPoolTaskExecutor  : Initializing ExecutorService 'applicationTaskExecutor'
2021-06-12 00:11:18.974  INFO 21052 --- [main] c.a.d.s.b.a.DruidDataSourceAutoConfigure : Init DruidDataSource
2021-06-12 00:11:19.081  INFO 21052 --- [main] com.alibaba.druid.pool.DruidDataSource   : {dataSource-1} inited
2021-06-12 00:11:23.135  INFO 21052 --- [main] o.s.s.c.ThreadPoolTaskScheduler          : Initializing ExecutorService 'catalogWatchTaskScheduler'
2021-06-12 00:11:23.148  WARN 21052 --- [main] iguration$LoadBalancerCaffeineWarnLogger : Spring Cloud LoadBalancer is currently working with the default cache. You can switch to using Caffeine cache, by adding it and org.springframework.cache.caffeine.CaffeineCacheManager to the classpath.
2021-06-12 00:11:23.152  INFO 21052 --- [main] o.s.b.a.e.web.EndpointLinksResolver      : Exposing 2 endpoint(s) beneath base path '/actuator'
2021-06-12 00:11:23.296  INFO 21052 --- [main] o.s.b.w.embedded.tomcat.TomcatWebServer  : Tomcat started on port(s): 8025 (http) with context path ''
2021-06-12 00:11:23.299  INFO 21052 --- [main] o.s.c.c.s.ConsulServiceRegistry          : Registering service with consul: NewService{id='consul-mail-8025', name='consul-mail', tags=[], address='DESKTOP-0BJPABD', meta={secure=false}, port=8025, enableTagOverride=null, check=Check{script='null', dockerContainerID='null', shell='null', interval='10s', ttl='null', http='http://DESKTOP-0BJPABD:8025/actuator/health', method='null', header={}, tcp='null', timeout='null', deregisterCriticalServiceAfter='null', tlsSkipVerify=null, status='null', grpc='null', grpcUseTLS=null}, checks=null}
2021-06-12 00:11:24.917  INFO 21052 --- [main] indi.huishi.sms.MailApplication          : Started MailApplication in 11.814 seconds (JVM running for 13.58)
2021-06-12 00:11:31.376  INFO 21052 --- [http-nio-8025-exec-1] o.a.c.c.C.[Tomcat].[localhost].[/]       : Initializing Spring DispatcherServlet 'dispatcherServlet'
2021-06-12 00:11:31.376  INFO 21052 --- [http-nio-8025-exec-1] o.s.web.servlet.DispatcherServlet        : Initializing Servlet 'dispatcherServlet'
2021-06-12 00:11:31.378  INFO 21052 --- [http-nio-8025-exec-1] o.s.web.servlet.DispatcherServlet        : Completed initialization in 2 ms
2021-06-12 00:15:12.170  INFO 8936 --- [main] indi.huishi.sms.MailApplication          : Starting MailApplication using Java 1.8.0_65 on DESKTOP-0BJPABD with PID 8936 (E:\java_exercise\others\distribute_shizuo\mail\target\classes started by 曾昕阳 in E:\java_exercise\others\distribute_shizuo)
2021-06-12 00:15:12.172  INFO 8936 --- [main] indi.huishi.sms.MailApplication          : No active profile set, falling back to default profiles: default
2021-06-12 00:15:13.220  INFO 8936 --- [main] .s.d.r.c.RepositoryConfigurationDelegate : Multiple Spring Data modules found, entering strict repository configuration mode!
2021-06-12 00:15:13.222  INFO 8936 --- [main] .s.d.r.c.RepositoryConfigurationDelegate : Bootstrapping Spring Data Redis repositories in DEFAULT mode.
2021-06-12 00:15:13.246  INFO 8936 --- [main] .s.d.r.c.RepositoryConfigurationDelegate : Finished Spring Data repository scanning in 10 ms. Found 0 Redis repository interfaces.
2021-06-12 00:15:13.473  INFO 8936 --- [main] o.s.cloud.context.scope.GenericScope     : BeanFactory id=55bf71f6-bfdc-31f0-adc4-bb81eccf2748
2021-06-12 00:15:13.523  INFO 8936 --- [main] trationDelegate$BeanPostProcessorChecker : Bean 'com.alibaba.druid.spring.boot.autoconfigure.stat.DruidSpringAopConfiguration' of type [com.alibaba.druid.spring.boot.autoconfigure.stat.DruidSpringAopConfiguration] is not eligible for getting processed by all BeanPostProcessors (for example: not eligible for auto-proxying)
2021-06-12 00:15:13.555  INFO 8936 --- [main] trationDelegate$BeanPostProcessorChecker : Bean 'spring.datasource.druid-com.alibaba.druid.spring.boot.autoconfigure.properties.DruidStatProperties' of type [com.alibaba.druid.spring.boot.autoconfigure.properties.DruidStatProperties] is not eligible for getting processed by all BeanPostProcessors (for example: not eligible for auto-proxying)
2021-06-12 00:15:13.559  INFO 8936 --- [main] trationDelegate$BeanPostProcessorChecker : Bean 'advisor' of type [org.springframework.aop.support.RegexpMethodPointcutAdvisor] is not eligible for getting processed by all BeanPostProcessors (for example: not eligible for auto-proxying)
2021-06-12 00:15:13.830  INFO 8936 --- [main] o.s.b.w.embedded.tomcat.TomcatWebServer  : Tomcat initialized with port(s): 8025 (http)
2021-06-12 00:15:13.838  INFO 8936 --- [main] o.apache.catalina.core.StandardService   : Starting service [Tomcat]
2021-06-12 00:15:13.838  INFO 8936 --- [main] org.apache.catalina.core.StandardEngine  : Starting Servlet engine: [Apache Tomcat/9.0.45]
2021-06-12 00:15:14.035  INFO 8936 --- [main] o.a.c.c.C.[Tomcat].[localhost].[/]       : Initializing Spring embedded WebApplicationContext
2021-06-12 00:15:14.035  INFO 8936 --- [main] w.s.c.ServletWebServerApplicationContext : Root WebApplicationContext: initialization completed in 1797 ms
2021-06-12 00:15:16.342  INFO 8936 --- [main] o.s.s.concurrent.ThreadPoolTaskExecutor  : Initializing ExecutorService 'applicationTaskExecutor'
2021-06-12 00:15:16.559  INFO 8936 --- [main] c.a.d.s.b.a.DruidDataSourceAutoConfigure : Init DruidDataSource
2021-06-12 00:15:16.662  INFO 8936 --- [main] com.alibaba.druid.pool.DruidDataSource   : {dataSource-1} inited
2021-06-12 00:15:20.668  INFO 8936 --- [main] o.s.s.c.ThreadPoolTaskScheduler          : Initializing ExecutorService 'catalogWatchTaskScheduler'
2021-06-12 00:15:20.681  WARN 8936 --- [main] iguration$LoadBalancerCaffeineWarnLogger : Spring Cloud LoadBalancer is currently working with the default cache. You can switch to using Caffeine cache, by adding it and org.springframework.cache.caffeine.CaffeineCacheManager to the classpath.
2021-06-12 00:15:20.686  INFO 8936 --- [main] o.s.b.a.e.web.EndpointLinksResolver      : Exposing 2 endpoint(s) beneath base path '/actuator'
2021-06-12 00:15:20.816  INFO 8936 --- [main] o.s.b.w.embedded.tomcat.TomcatWebServer  : Tomcat started on port(s): 8025 (http) with context path ''
2021-06-12 00:15:20.820  INFO 8936 --- [main] o.s.c.c.s.ConsulServiceRegistry          : Registering service with consul: NewService{id='consul-mail-8025', name='consul-mail', tags=[], address='DESKTOP-0BJPABD', meta={secure=false}, port=8025, enableTagOverride=null, check=Check{script='null', dockerContainerID='null', shell='null', interval='10s', ttl='null', http='http://DESKTOP-0BJPABD:8025/actuator/health', method='null', header={}, tcp='null', timeout='null', deregisterCriticalServiceAfter='null', tlsSkipVerify=null, status='null', grpc='null', grpcUseTLS=null}, checks=null}
2021-06-12 00:15:22.393  INFO 8936 --- [main] indi.huishi.sms.MailApplication          : Started MailApplication in 11.631 seconds (JVM running for 13.318)
2021-06-12 00:15:29.330  INFO 8936 --- [http-nio-8025-exec-1] o.a.c.c.C.[Tomcat].[localhost].[/]       : Initializing Spring DispatcherServlet 'dispatcherServlet'
2021-06-12 00:15:29.330  INFO 8936 --- [http-nio-8025-exec-1] o.s.web.servlet.DispatcherServlet        : Initializing Servlet 'dispatcherServlet'
2021-06-12 00:15:29.331  INFO 8936 --- [http-nio-8025-exec-1] o.s.web.servlet.DispatcherServlet        : Completed initialization in 1 ms
2021-06-12 00:26:06.220  INFO 20156 --- [main] indi.huishi.sms.MailApplication          : Starting MailApplication using Java 1.8.0_65 on DESKTOP-0BJPABD with PID 20156 (E:\java_exercise\others\distribute_shizuo\mail\target\classes started by 曾昕阳 in E:\java_exercise\others\distribute_shizuo)
2021-06-12 00:26:06.224  INFO 20156 --- [main] indi.huishi.sms.MailApplication          : No active profile set, falling back to default profiles: default
2021-06-12 00:26:07.408  INFO 20156 --- [main] .s.d.r.c.RepositoryConfigurationDelegate : Multiple Spring Data modules found, entering strict repository configuration mode!
2021-06-12 00:26:07.412  INFO 20156 --- [main] .s.d.r.c.RepositoryConfigurationDelegate : Bootstrapping Spring Data Redis repositories in DEFAULT mode.
2021-06-12 00:26:07.435  INFO 20156 --- [main] .s.d.r.c.RepositoryConfigurationDelegate : Finished Spring Data repository scanning in 10 ms. Found 0 Redis repository interfaces.
2021-06-12 00:26:07.663  INFO 20156 --- [main] o.s.cloud.context.scope.GenericScope     : BeanFactory id=55bf71f6-bfdc-31f0-adc4-bb81eccf2748
2021-06-12 00:26:07.713  INFO 20156 --- [main] trationDelegate$BeanPostProcessorChecker : Bean 'com.alibaba.druid.spring.boot.autoconfigure.stat.DruidSpringAopConfiguration' of type [com.alibaba.druid.spring.boot.autoconfigure.stat.DruidSpringAopConfiguration] is not eligible for getting processed by all BeanPostProcessors (for example: not eligible for auto-proxying)
2021-06-12 00:26:07.743  INFO 20156 --- [main] trationDelegate$BeanPostProcessorChecker : Bean 'spring.datasource.druid-com.alibaba.druid.spring.boot.autoconfigure.properties.DruidStatProperties' of type [com.alibaba.druid.spring.boot.autoconfigure.properties.DruidStatProperties] is not eligible for getting processed by all BeanPostProcessors (for example: not eligible for auto-proxying)
2021-06-12 00:26:07.749  INFO 20156 --- [main] trationDelegate$BeanPostProcessorChecker : Bean 'advisor' of type [org.springframework.aop.support.RegexpMethodPointcutAdvisor] is not eligible for getting processed by all BeanPostProcessors (for example: not eligible for auto-proxying)
2021-06-12 00:26:08.050  INFO 20156 --- [main] o.s.b.w.embedded.tomcat.TomcatWebServer  : Tomcat initialized with port(s): 8025 (http)
2021-06-12 00:26:08.061  INFO 20156 --- [main] o.apache.catalina.core.StandardService   : Starting service [Tomcat]
2021-06-12 00:26:08.061  INFO 20156 --- [main] org.apache.catalina.core.StandardEngine  : Starting Servlet engine: [Apache Tomcat/9.0.45]
2021-06-12 00:26:08.351  INFO 20156 --- [main] o.a.c.c.C.[Tomcat].[localhost].[/]       : Initializing Spring embedded WebApplicationContext
2021-06-12 00:26:08.351  INFO 20156 --- [main] w.s.c.ServletWebServerApplicationContext : Root WebApplicationContext: initialization completed in 2064 ms
2021-06-12 00:26:10.726  INFO 20156 --- [main] o.s.s.concurrent.ThreadPoolTaskExecutor  : Initializing ExecutorService 'applicationTaskExecutor'
2021-06-12 00:26:10.987  INFO 20156 --- [main] c.a.d.s.b.a.DruidDataSourceAutoConfigure : Init DruidDataSource
2021-06-12 00:26:11.107  INFO 20156 --- [main] com.alibaba.druid.pool.DruidDataSource   : {dataSource-1} inited
2021-06-12 00:26:15.735  INFO 20156 --- [main] o.s.s.c.ThreadPoolTaskScheduler          : Initializing ExecutorService 'catalogWatchTaskScheduler'
2021-06-12 00:26:15.752  WARN 20156 --- [main] iguration$LoadBalancerCaffeineWarnLogger : Spring Cloud LoadBalancer is currently working with the default cache. You can switch to using Caffeine cache, by adding it and org.springframework.cache.caffeine.CaffeineCacheManager to the classpath.
2021-06-12 00:26:15.757  INFO 20156 --- [main] o.s.b.a.e.web.EndpointLinksResolver      : Exposing 2 endpoint(s) beneath base path '/actuator'
2021-06-12 00:26:15.914  INFO 20156 --- [main] o.s.b.w.embedded.tomcat.TomcatWebServer  : Tomcat started on port(s): 8025 (http) with context path ''
2021-06-12 00:26:15.918  INFO 20156 --- [main] o.s.c.c.s.ConsulServiceRegistry          : Registering service with consul: NewService{id='consul-mail-8025', name='consul-mail', tags=[], address='DESKTOP-0BJPABD', meta={secure=false}, port=8025, enableTagOverride=null, check=Check{script='null', dockerContainerID='null', shell='null', interval='10s', ttl='null', http='http://DESKTOP-0BJPABD:8025/actuator/health', method='null', header={}, tcp='null', timeout='null', deregisterCriticalServiceAfter='null', tlsSkipVerify=null, status='null', grpc='null', grpcUseTLS=null}, checks=null}
2021-06-12 00:26:16.029  INFO 20156 --- [http-nio-8025-exec-1] o.a.c.c.C.[Tomcat].[localhost].[/]       : Initializing Spring DispatcherServlet 'dispatcherServlet'
2021-06-12 00:26:16.029  INFO 20156 --- [http-nio-8025-exec-1] o.s.web.servlet.DispatcherServlet        : Initializing Servlet 'dispatcherServlet'
2021-06-12 00:26:16.030  INFO 20156 --- [http-nio-8025-exec-1] o.s.web.servlet.DispatcherServlet        : Completed initialization in 1 ms
2021-06-12 00:26:18.151  INFO 20156 --- [main] indi.huishi.sms.MailApplication          : Started MailApplication in 13.497 seconds (JVM running for 15.674)
2021-06-12 00:43:46.496  INFO 6724 --- [main] indi.huishi.sms.MailApplication          : Starting MailApplication using Java 1.8.0_65 on DESKTOP-0BJPABD with PID 6724 (E:\java_exercise\others\distribute_shizuo\mail\target\classes started by 曾昕阳 in E:\java_exercise\others\distribute_shizuo)
2021-06-12 00:43:46.499  INFO 6724 --- [main] indi.huishi.sms.MailApplication          : No active profile set, falling back to default profiles: default
2021-06-12 00:43:47.453  INFO 6724 --- [main] .s.d.r.c.RepositoryConfigurationDelegate : Multiple Spring Data modules found, entering strict repository configuration mode!
2021-06-12 00:43:47.455  INFO 6724 --- [main] .s.d.r.c.RepositoryConfigurationDelegate : Bootstrapping Spring Data Redis repositories in DEFAULT mode.
2021-06-12 00:43:47.480  INFO 6724 --- [main] .s.d.r.c.RepositoryConfigurationDelegate : Finished Spring Data repository scanning in 10 ms. Found 0 Redis repository interfaces.
2021-06-12 00:43:47.691  INFO 6724 --- [main] o.s.cloud.context.scope.GenericScope     : BeanFactory id=55bf71f6-bfdc-31f0-adc4-bb81eccf2748
2021-06-12 00:43:47.738  INFO 6724 --- [main] trationDelegate$BeanPostProcessorChecker : Bean 'com.alibaba.druid.spring.boot.autoconfigure.stat.DruidSpringAopConfiguration' of type [com.alibaba.druid.spring.boot.autoconfigure.stat.DruidSpringAopConfiguration] is not eligible for getting processed by all BeanPostProcessors (for example: not eligible for auto-proxying)
2021-06-12 00:43:47.768  INFO 6724 --- [main] trationDelegate$BeanPostProcessorChecker : Bean 'spring.datasource.druid-com.alibaba.druid.spring.boot.autoconfigure.properties.DruidStatProperties' of type [com.alibaba.druid.spring.boot.autoconfigure.properties.DruidStatProperties] is not eligible for getting processed by all BeanPostProcessors (for example: not eligible for auto-proxying)
2021-06-12 00:43:47.772  INFO 6724 --- [main] trationDelegate$BeanPostProcessorChecker : Bean 'advisor' of type [org.springframework.aop.support.RegexpMethodPointcutAdvisor] is not eligible for getting processed by all BeanPostProcessors (for example: not eligible for auto-proxying)
2021-06-12 00:43:48.032  INFO 6724 --- [main] o.s.b.w.embedded.tomcat.TomcatWebServer  : Tomcat initialized with port(s): 8025 (http)
2021-06-12 00:43:48.039  INFO 6724 --- [main] o.apache.catalina.core.StandardService   : Starting service [Tomcat]
2021-06-12 00:43:48.040  INFO 6724 --- [main] org.apache.catalina.core.StandardEngine  : Starting Servlet engine: [Apache Tomcat/9.0.45]
2021-06-12 00:43:48.259  INFO 6724 --- [main] o.a.c.c.C.[Tomcat].[localhost].[/]       : Initializing Spring embedded WebApplicationContext
2021-06-12 00:43:48.259  INFO 6724 --- [main] w.s.c.ServletWebServerApplicationContext : Root WebApplicationContext: initialization completed in 1697 ms
2021-06-12 00:43:50.412  INFO 6724 --- [main] o.s.s.concurrent.ThreadPoolTaskExecutor  : Initializing ExecutorService 'applicationTaskExecutor'
2021-06-12 00:43:50.621  INFO 6724 --- [main] c.a.d.s.b.a.DruidDataSourceAutoConfigure : Init DruidDataSource
2021-06-12 00:43:50.726  INFO 6724 --- [main] com.alibaba.druid.pool.DruidDataSource   : {dataSource-1} inited
2021-06-12 00:43:54.637  INFO 6724 --- [main] o.s.s.c.ThreadPoolTaskScheduler          : Initializing ExecutorService 'catalogWatchTaskScheduler'
2021-06-12 00:43:54.648  WARN 6724 --- [main] iguration$LoadBalancerCaffeineWarnLogger : Spring Cloud LoadBalancer is currently working with the default cache. You can switch to using Caffeine cache, by adding it and org.springframework.cache.caffeine.CaffeineCacheManager to the classpath.
2021-06-12 00:43:54.652  INFO 6724 --- [main] o.s.b.a.e.web.EndpointLinksResolver      : Exposing 2 endpoint(s) beneath base path '/actuator'
2021-06-12 00:43:54.784  INFO 6724 --- [main] o.s.b.w.embedded.tomcat.TomcatWebServer  : Tomcat started on port(s): 8025 (http) with context path ''
2021-06-12 00:43:54.787  INFO 6724 --- [main] o.s.c.c.s.ConsulServiceRegistry          : Registering service with consul: NewService{id='consul-mail-8025', name='consul-mail', tags=[], address='DESKTOP-0BJPABD', meta={secure=false}, port=8025, enableTagOverride=null, check=Check{script='null', dockerContainerID='null', shell='null', interval='10s', ttl='null', http='http://DESKTOP-0BJPABD:8025/actuator/health', method='null', header={}, tcp='null', timeout='null', deregisterCriticalServiceAfter='null', tlsSkipVerify=null, status='null', grpc='null', grpcUseTLS=null}, checks=null}
2021-06-12 00:43:54.960  INFO 6724 --- [http-nio-8025-exec-1] o.a.c.c.C.[Tomcat].[localhost].[/]       : Initializing Spring DispatcherServlet 'dispatcherServlet'
2021-06-12 00:43:54.960  INFO 6724 --- [http-nio-8025-exec-1] o.s.web.servlet.DispatcherServlet        : Initializing Servlet 'dispatcherServlet'
2021-06-12 00:43:54.961  INFO 6724 --- [http-nio-8025-exec-1] o.s.web.servlet.DispatcherServlet        : Completed initialization in 1 ms
2021-06-12 00:43:56.775  INFO 6724 --- [main] indi.huishi.sms.MailApplication          : Started MailApplication in 11.725 seconds (JVM running for 13.205)
2021-06-12 00:48:54.534  INFO 19232 --- [main] indi.huishi.sms.MailApplication          : Starting MailApplication using Java 1.8.0_65 on DESKTOP-0BJPABD with PID 19232 (E:\java_exercise\others\distribute_shizuo\mail\target\classes started by 曾昕阳 in E:\java_exercise\others\distribute_shizuo)
2021-06-12 00:48:54.536  INFO 19232 --- [main] indi.huishi.sms.MailApplication          : No active profile set, falling back to default profiles: default
2021-06-12 00:48:55.508  INFO 19232 --- [main] .s.d.r.c.RepositoryConfigurationDelegate : Multiple Spring Data modules found, entering strict repository configuration mode!
2021-06-12 00:48:55.512  INFO 19232 --- [main] .s.d.r.c.RepositoryConfigurationDelegate : Bootstrapping Spring Data Redis repositories in DEFAULT mode.
2021-06-12 00:48:55.535  INFO 19232 --- [main] .s.d.r.c.RepositoryConfigurationDelegate : Finished Spring Data repository scanning in 10 ms. Found 0 Redis repository interfaces.
2021-06-12 00:48:55.752  INFO 19232 --- [main] o.s.cloud.context.scope.GenericScope     : BeanFactory id=55bf71f6-bfdc-31f0-adc4-bb81eccf2748
2021-06-12 00:48:55.799  INFO 19232 --- [main] trationDelegate$BeanPostProcessorChecker : Bean 'com.alibaba.druid.spring.boot.autoconfigure.stat.DruidSpringAopConfiguration' of type [com.alibaba.druid.spring.boot.autoconfigure.stat.DruidSpringAopConfiguration] is not eligible for getting processed by all BeanPostProcessors (for example: not eligible for auto-proxying)
2021-06-12 00:48:55.826  INFO 19232 --- [main] trationDelegate$BeanPostProcessorChecker : Bean 'spring.datasource.druid-com.alibaba.druid.spring.boot.autoconfigure.properties.DruidStatProperties' of type [com.alibaba.druid.spring.boot.autoconfigure.properties.DruidStatProperties] is not eligible for getting processed by all BeanPostProcessors (for example: not eligible for auto-proxying)
2021-06-12 00:48:55.834  INFO 19232 --- [main] trationDelegate$BeanPostProcessorChecker : Bean 'advisor' of type [org.springframework.aop.support.RegexpMethodPointcutAdvisor] is not eligible for getting processed by all BeanPostProcessors (for example: not eligible for auto-proxying)
2021-06-12 00:48:56.100  INFO 19232 --- [main] o.s.b.w.embedded.tomcat.TomcatWebServer  : Tomcat initialized with port(s): 8025 (http)
2021-06-12 00:48:56.107  INFO 19232 --- [main] o.apache.catalina.core.StandardService   : Starting service [Tomcat]
2021-06-12 00:48:56.107  INFO 19232 --- [main] org.apache.catalina.core.StandardEngine  : Starting Servlet engine: [Apache Tomcat/9.0.45]
2021-06-12 00:48:56.298  INFO 19232 --- [main] o.a.c.c.C.[Tomcat].[localhost].[/]       : Initializing Spring embedded WebApplicationContext
2021-06-12 00:48:56.298  INFO 19232 --- [main] w.s.c.ServletWebServerApplicationContext : Root WebApplicationContext: initialization completed in 1699 ms
2021-06-12 00:48:58.501  INFO 19232 --- [main] o.s.s.concurrent.ThreadPoolTaskExecutor  : Initializing ExecutorService 'applicationTaskExecutor'
2021-06-12 00:48:58.708  INFO 19232 --- [main] c.a.d.s.b.a.DruidDataSourceAutoConfigure : Init DruidDataSource
2021-06-12 00:48:58.809  INFO 19232 --- [main] com.alibaba.druid.pool.DruidDataSource   : {dataSource-1} inited
2021-06-12 00:49:02.707  INFO 19232 --- [main] o.s.s.c.ThreadPoolTaskScheduler          : Initializing ExecutorService 'catalogWatchTaskScheduler'
2021-06-12 00:49:02.718  WARN 19232 --- [main] iguration$LoadBalancerCaffeineWarnLogger : Spring Cloud LoadBalancer is currently working with the default cache. You can switch to using Caffeine cache, by adding it and org.springframework.cache.caffeine.CaffeineCacheManager to the classpath.
2021-06-12 00:49:02.722  INFO 19232 --- [main] o.s.b.a.e.web.EndpointLinksResolver      : Exposing 2 endpoint(s) beneath base path '/actuator'
2021-06-12 00:49:02.854  INFO 19232 --- [main] o.s.b.w.embedded.tomcat.TomcatWebServer  : Tomcat started on port(s): 8025 (http) with context path ''
2021-06-12 00:49:02.857  INFO 19232 --- [main] o.s.c.c.s.ConsulServiceRegistry          : Registering service with consul: NewService{id='consul-mail-8025', name='consul-mail', tags=[], address='DESKTOP-0BJPABD', meta={secure=false}, port=8025, enableTagOverride=null, check=Check{script='null', dockerContainerID='null', shell='null', interval='10s', ttl='null', http='http://DESKTOP-0BJPABD:8025/actuator/health', method='null', header={}, tcp='null', timeout='null', deregisterCriticalServiceAfter='null', tlsSkipVerify=null, status='null', grpc='null', grpcUseTLS=null}, checks=null}
2021-06-12 00:49:02.912  INFO 19232 --- [http-nio-8025-exec-1] o.a.c.c.C.[Tomcat].[localhost].[/]       : Initializing Spring DispatcherServlet 'dispatcherServlet'
2021-06-12 00:49:02.912  INFO 19232 --- [http-nio-8025-exec-1] o.s.web.servlet.DispatcherServlet        : Initializing Servlet 'dispatcherServlet'
2021-06-12 00:49:02.914  INFO 19232 --- [http-nio-8025-exec-1] o.s.web.servlet.DispatcherServlet        : Completed initialization in 2 ms
2021-06-12 00:49:04.712  INFO 19232 --- [main] indi.huishi.sms.MailApplication          : Started MailApplication in 11.557 seconds (JVM running for 13.059)
2021-06-12 00:57:57.186  INFO 7028 --- [main] indi.huishi.sms.MailApplication          : Starting MailApplication using Java 1.8.0_65 on DESKTOP-0BJPABD with PID 7028 (E:\java_exercise\others\distribute_shizuo\mail\target\classes started by 曾昕阳 in E:\java_exercise\others\distribute_shizuo)
2021-06-12 00:57:57.189  INFO 7028 --- [main] indi.huishi.sms.MailApplication          : No active profile set, falling back to default profiles: default
2021-06-12 00:57:58.340  INFO 7028 --- [main] .s.d.r.c.RepositoryConfigurationDelegate : Multiple Spring Data modules found, entering strict repository configuration mode!
2021-06-12 00:57:58.342  INFO 7028 --- [main] .s.d.r.c.RepositoryConfigurationDelegate : Bootstrapping Spring Data Redis repositories in DEFAULT mode.
2021-06-12 00:57:58.365  INFO 7028 --- [main] .s.d.r.c.RepositoryConfigurationDelegate : Finished Spring Data repository scanning in 10 ms. Found 0 Redis repository interfaces.
2021-06-12 00:57:58.624  INFO 7028 --- [main] o.s.cloud.context.scope.GenericScope     : BeanFactory id=55bf71f6-bfdc-31f0-adc4-bb81eccf2748
2021-06-12 00:57:58.680  INFO 7028 --- [main] trationDelegate$BeanPostProcessorChecker : Bean 'com.alibaba.druid.spring.boot.autoconfigure.stat.DruidSpringAopConfiguration' of type [com.alibaba.druid.spring.boot.autoconfigure.stat.DruidSpringAopConfiguration] is not eligible for getting processed by all BeanPostProcessors (for example: not eligible for auto-proxying)
2021-06-12 00:57:58.712  INFO 7028 --- [main] trationDelegate$BeanPostProcessorChecker : Bean 'spring.datasource.druid-com.alibaba.druid.spring.boot.autoconfigure.properties.DruidStatProperties' of type [com.alibaba.druid.spring.boot.autoconfigure.properties.DruidStatProperties] is not eligible for getting processed by all BeanPostProcessors (for example: not eligible for auto-proxying)
2021-06-12 00:57:58.718  INFO 7028 --- [main] trationDelegate$BeanPostProcessorChecker : Bean 'advisor' of type [org.springframework.aop.support.RegexpMethodPointcutAdvisor] is not eligible for getting processed by all BeanPostProcessors (for example: not eligible for auto-proxying)
2021-06-12 00:57:59.018  INFO 7028 --- [main] o.s.b.w.embedded.tomcat.TomcatWebServer  : Tomcat initialized with port(s): 8025 (http)
2021-06-12 00:57:59.028  INFO 7028 --- [main] o.apache.catalina.core.StandardService   : Starting service [Tomcat]
2021-06-12 00:57:59.028  INFO 7028 --- [main] org.apache.catalina.core.StandardEngine  : Starting Servlet engine: [Apache Tomcat/9.0.45]
2021-06-12 00:57:59.236  INFO 7028 --- [main] o.a.c.c.C.[Tomcat].[localhost].[/]       : Initializing Spring embedded WebApplicationContext
2021-06-12 00:57:59.237  INFO 7028 --- [main] w.s.c.ServletWebServerApplicationContext : Root WebApplicationContext: initialization completed in 1973 ms
2021-06-12 00:58:02.276  INFO 7028 --- [main] o.s.s.concurrent.ThreadPoolTaskExecutor  : Initializing ExecutorService 'applicationTaskExecutor'
2021-06-12 00:58:02.528  INFO 7028 --- [main] c.a.d.s.b.a.DruidDataSourceAutoConfigure : Init DruidDataSource
2021-06-12 00:58:02.648  INFO 7028 --- [main] com.alibaba.druid.pool.DruidDataSource   : {dataSource-1} inited
2021-06-12 00:58:07.915  INFO 7028 --- [main] o.s.s.c.ThreadPoolTaskScheduler          : Initializing ExecutorService 'catalogWatchTaskScheduler'
2021-06-12 00:58:07.927  WARN 7028 --- [main] iguration$LoadBalancerCaffeineWarnLogger : Spring Cloud LoadBalancer is currently working with the default cache. You can switch to using Caffeine cache, by adding it and org.springframework.cache.caffeine.CaffeineCacheManager to the classpath.
2021-06-12 00:58:07.931  INFO 7028 --- [main] o.s.b.a.e.web.EndpointLinksResolver      : Exposing 2 endpoint(s) beneath base path '/actuator'
2021-06-12 00:58:08.068  INFO 7028 --- [main] o.s.b.w.embedded.tomcat.TomcatWebServer  : Tomcat started on port(s): 8025 (http) with context path ''
2021-06-12 00:58:08.071  INFO 7028 --- [main] o.s.c.c.s.ConsulServiceRegistry          : Registering service with consul: NewService{id='consul-mail-8025', name='consul-mail', tags=[], address='DESKTOP-0BJPABD', meta={secure=false}, port=8025, enableTagOverride=null, check=Check{script='null', dockerContainerID='null', shell='null', interval='10s', ttl='null', http='http://DESKTOP-0BJPABD:8025/actuator/health', method='null', header={}, tcp='null', timeout='null', deregisterCriticalServiceAfter='null', tlsSkipVerify=null, status='null', grpc='null', grpcUseTLS=null}, checks=null}
2021-06-12 00:58:08.185  INFO 7028 --- [http-nio-8025-exec-1] o.a.c.c.C.[Tomcat].[localhost].[/]       : Initializing Spring DispatcherServlet 'dispatcherServlet'
2021-06-12 00:58:08.185  INFO 7028 --- [http-nio-8025-exec-1] o.s.web.servlet.DispatcherServlet        : Initializing Servlet 'dispatcherServlet'
2021-06-12 00:58:08.187  INFO 7028 --- [http-nio-8025-exec-1] o.s.web.servlet.DispatcherServlet        : Completed initialization in 2 ms
2021-06-12 00:58:09.987  INFO 7028 --- [main] indi.huishi.sms.MailApplication          : Started MailApplication in 14.449 seconds (JVM running for 16.422)
2021-06-12 00:59:59.515  INFO 6680 --- [main] indi.huishi.sms.MailApplication          : Starting MailApplication using Java 1.8.0_65 on DESKTOP-0BJPABD with PID 6680 (E:\java_exercise\others\distribute_shizuo\mail\target\classes started by 曾昕阳 in E:\java_exercise\others\distribute_shizuo)
2021-06-12 00:59:59.518  INFO 6680 --- [main] indi.huishi.sms.MailApplication          : No active profile set, falling back to default profiles: default
2021-06-12 01:00:00.670  INFO 6680 --- [main] .s.d.r.c.RepositoryConfigurationDelegate : Multiple Spring Data modules found, entering strict repository configuration mode!
2021-06-12 01:00:00.672  INFO 6680 --- [main] .s.d.r.c.RepositoryConfigurationDelegate : Bootstrapping Spring Data Redis repositories in DEFAULT mode.
2021-06-12 01:00:00.699  INFO 6680 --- [main] .s.d.r.c.RepositoryConfigurationDelegate : Finished Spring Data repository scanning in 11 ms. Found 0 Redis repository interfaces.
2021-06-12 01:00:00.973  INFO 6680 --- [main] o.s.cloud.context.scope.GenericScope     : BeanFactory id=55bf71f6-bfdc-31f0-adc4-bb81eccf2748
2021-06-12 01:00:01.031  INFO 6680 --- [main] trationDelegate$BeanPostProcessorChecker : Bean 'com.alibaba.druid.spring.boot.autoconfigure.stat.DruidSpringAopConfiguration' of type [com.alibaba.druid.spring.boot.autoconfigure.stat.DruidSpringAopConfiguration] is not eligible for getting processed by all BeanPostProcessors (for example: not eligible for auto-proxying)
2021-06-12 01:00:01.067  INFO 6680 --- [main] trationDelegate$BeanPostProcessorChecker : Bean 'spring.datasource.druid-com.alibaba.druid.spring.boot.autoconfigure.properties.DruidStatProperties' of type [com.alibaba.druid.spring.boot.autoconfigure.properties.DruidStatProperties] is not eligible for getting processed by all BeanPostProcessors (for example: not eligible for auto-proxying)
2021-06-12 01:00:01.071  INFO 6680 --- [main] trationDelegate$BeanPostProcessorChecker : Bean 'advisor' of type [org.springframework.aop.support.RegexpMethodPointcutAdvisor] is not eligible for getting processed by all BeanPostProcessors (for example: not eligible for auto-proxying)
2021-06-12 01:00:01.369  INFO 6680 --- [main] o.s.b.w.embedded.tomcat.TomcatWebServer  : Tomcat initialized with port(s): 8025 (http)
2021-06-12 01:00:01.379  INFO 6680 --- [main] o.apache.catalina.core.StandardService   : Starting service [Tomcat]
2021-06-12 01:00:01.380  INFO 6680 --- [main] org.apache.catalina.core.StandardEngine  : Starting Servlet engine: [Apache Tomcat/9.0.45]
2021-06-12 01:00:01.611  INFO 6680 --- [main] o.a.c.c.C.[Tomcat].[localhost].[/]       : Initializing Spring embedded WebApplicationContext
2021-06-12 01:00:01.611  INFO 6680 --- [main] w.s.c.ServletWebServerApplicationContext : Root WebApplicationContext: initialization completed in 2016 ms
2021-06-12 01:00:04.481  INFO 6680 --- [main] o.s.s.concurrent.ThreadPoolTaskExecutor  : Initializing ExecutorService 'applicationTaskExecutor'
2021-06-12 01:00:04.723  INFO 6680 --- [main] c.a.d.s.b.a.DruidDataSourceAutoConfigure : Init DruidDataSource
2021-06-12 01:00:04.841  INFO 6680 --- [main] com.alibaba.druid.pool.DruidDataSource   : {dataSource-1} inited
2021-06-12 01:00:10.281  INFO 6680 --- [main] o.s.s.c.ThreadPoolTaskScheduler          : Initializing ExecutorService 'catalogWatchTaskScheduler'
2021-06-12 01:00:10.292  WARN 6680 --- [main] iguration$LoadBalancerCaffeineWarnLogger : Spring Cloud LoadBalancer is currently working with the default cache. You can switch to using Caffeine cache, by adding it and org.springframework.cache.caffeine.CaffeineCacheManager to the classpath.
2021-06-12 01:00:10.303  INFO 6680 --- [main] o.s.b.a.e.web.EndpointLinksResolver      : Exposing 2 endpoint(s) beneath base path '/actuator'
2021-06-12 01:00:10.444  INFO 6680 --- [main] o.s.b.w.embedded.tomcat.TomcatWebServer  : Tomcat started on port(s): 8025 (http) with context path ''
2021-06-12 01:00:10.449  INFO 6680 --- [main] o.s.c.c.s.ConsulServiceRegistry          : Registering service with consul: NewService{id='consul-mail-8025', name='consul-mail', tags=[], address='DESKTOP-0BJPABD', meta={secure=false}, port=8025, enableTagOverride=null, check=Check{script='null', dockerContainerID='null', shell='null', interval='10s', ttl='null', http='http://DESKTOP-0BJPABD:8025/actuator/health', method='null', header={}, tcp='null', timeout='null', deregisterCriticalServiceAfter='null', tlsSkipVerify=null, status='null', grpc='null', grpcUseTLS=null}, checks=null}
2021-06-12 01:00:11.120  INFO 6680 --- [http-nio-8025-exec-1] o.a.c.c.C.[Tomcat].[localhost].[/]       : Initializing Spring DispatcherServlet 'dispatcherServlet'
2021-06-12 01:00:11.121  INFO 6680 --- [http-nio-8025-exec-1] o.s.web.servlet.DispatcherServlet        : Initializing Servlet 'dispatcherServlet'
2021-06-12 01:00:11.122  INFO 6680 --- [http-nio-8025-exec-1] o.s.web.servlet.DispatcherServlet        : Completed initialization in 1 ms
2021-06-12 01:00:12.133  INFO 6680 --- [main] indi.huishi.sms.MailApplication          : Started MailApplication in 14.263 seconds (JVM running for 16.375)
2021-06-12 01:00:44.580  INFO 6680 --- [http-nio-8025-exec-5] i.h.sms.interceptor.LoginInterceptor     : 1preHandle: /mail/send
2021-06-12 01:00:44.582  INFO 6680 --- [http-nio-8025-exec-5] i.h.sms.interceptor.LoginInterceptor     : 拦截器：session中user的值为 User(id=1, username=huishi, password=123456, email=null)
2021-06-12 01:00:44.600  INFO 6680 --- [http-nio-8025-exec-5] i.h.sms.interceptor.LoginInterceptor     : 1postHandle: /mail/send
2021-06-12 01:00:44.600  INFO 6680 --- [http-nio-8025-exec-5] i.h.sms.interceptor.LoginInterceptor     : 1afterCompletion: /mail/send
2021-06-12 01:00:44.605  INFO 6680 --- [http-nio-8025-exec-5] i.h.sms.interceptor.LoginInterceptor     : 1preHandle: /error
2021-06-12 01:00:44.605  INFO 6680 --- [http-nio-8025-exec-5] i.h.sms.interceptor.LoginInterceptor     : 拦截器：session中user的值为 User(id=1, username=huishi, password=123456, email=null)
2021-06-12 01:00:44.624  INFO 6680 --- [http-nio-8025-exec-5] i.h.sms.interceptor.LoginInterceptor     : 1postHandle: /error
2021-06-12 01:00:44.893  INFO 6680 --- [http-nio-8025-exec-5] i.h.sms.interceptor.LoginInterceptor     : 1afterCompletion: /error
2021-06-12 01:02:11.221  INFO 6680 --- [http-nio-8025-exec-5] i.h.sms.interceptor.LoginInterceptor     : 1preHandle: /mail/send
2021-06-12 01:02:11.222  INFO 6680 --- [http-nio-8025-exec-5] i.h.sms.interceptor.LoginInterceptor     : 拦截器：session中user的值为 User(id=1, username=huishi, password=123456, email=null)
2021-06-12 01:02:11.232  INFO 6680 --- [http-nio-8025-exec-5] i.h.sms.interceptor.LoginInterceptor     : 1postHandle: /mail/send
2021-06-12 01:02:11.233  INFO 6680 --- [http-nio-8025-exec-5] i.h.sms.interceptor.LoginInterceptor     : 1afterCompletion: /mail/send
2021-06-12 01:02:11.235  INFO 6680 --- [http-nio-8025-exec-5] i.h.sms.interceptor.LoginInterceptor     : 1preHandle: /error
2021-06-12 01:02:11.235  INFO 6680 --- [http-nio-8025-exec-5] i.h.sms.interceptor.LoginInterceptor     : 拦截器：session中user的值为 User(id=1, username=huishi, password=123456, email=null)
2021-06-12 01:02:11.236  INFO 6680 --- [http-nio-8025-exec-5] i.h.sms.interceptor.LoginInterceptor     : 1postHandle: /error
2021-06-12 01:02:11.239  INFO 6680 --- [http-nio-8025-exec-5] i.h.sms.interceptor.LoginInterceptor     : 1afterCompletion: /error
2021-06-12 01:03:07.502  INFO 6680 --- [http-nio-8025-exec-2] i.h.sms.interceptor.LoginInterceptor     : 1preHandle: /mail/send.action
2021-06-12 01:03:07.503  INFO 6680 --- [http-nio-8025-exec-2] i.h.sms.interceptor.LoginInterceptor     : 拦截器：session中user的值为 User(id=1, username=huishi, password=123456, email=null)
2021-06-12 01:03:08.198  INFO 6680 --- [http-nio-8025-exec-2] i.h.sms.interceptor.LoginInterceptor     : 1postHandle: /mail/send.action
2021-06-12 01:03:08.216  INFO 6680 --- [http-nio-8025-exec-2] i.h.sms.interceptor.LoginInterceptor     : 1afterCompletion: /mail/send.action
2021-06-12 01:06:49.133  INFO 15812 --- [main] indi.huishi.sms.MailApplication          : Starting MailApplication using Java 1.8.0_65 on DESKTOP-0BJPABD with PID 15812 (E:\java_exercise\others\distribute_shizuo\mail\target\classes started by 曾昕阳 in E:\java_exercise\others\distribute_shizuo)
2021-06-12 01:06:49.135  INFO 15812 --- [main] indi.huishi.sms.MailApplication          : No active profile set, falling back to default profiles: default
2021-06-12 01:06:50.261  INFO 15812 --- [main] .s.d.r.c.RepositoryConfigurationDelegate : Multiple Spring Data modules found, entering strict repository configuration mode!
2021-06-12 01:06:50.264  INFO 15812 --- [main] .s.d.r.c.RepositoryConfigurationDelegate : Bootstrapping Spring Data Redis repositories in DEFAULT mode.
2021-06-12 01:06:50.292  INFO 15812 --- [main] .s.d.r.c.RepositoryConfigurationDelegate : Finished Spring Data repository scanning in 13 ms. Found 0 Redis repository interfaces.
2021-06-12 01:06:50.563  INFO 15812 --- [main] o.s.cloud.context.scope.GenericScope     : BeanFactory id=55bf71f6-bfdc-31f0-adc4-bb81eccf2748
2021-06-12 01:06:50.620  INFO 15812 --- [main] trationDelegate$BeanPostProcessorChecker : Bean 'com.alibaba.druid.spring.boot.autoconfigure.stat.DruidSpringAopConfiguration' of type [com.alibaba.druid.spring.boot.autoconfigure.stat.DruidSpringAopConfiguration] is not eligible for getting processed by all BeanPostProcessors (for example: not eligible for auto-proxying)
2021-06-12 01:06:50.657  INFO 15812 --- [main] trationDelegate$BeanPostProcessorChecker : Bean 'spring.datasource.druid-com.alibaba.druid.spring.boot.autoconfigure.properties.DruidStatProperties' of type [com.alibaba.druid.spring.boot.autoconfigure.properties.DruidStatProperties] is not eligible for getting processed by all BeanPostProcessors (for example: not eligible for auto-proxying)
2021-06-12 01:06:50.663  INFO 15812 --- [main] trationDelegate$BeanPostProcessorChecker : Bean 'advisor' of type [org.springframework.aop.support.RegexpMethodPointcutAdvisor] is not eligible for getting processed by all BeanPostProcessors (for example: not eligible for auto-proxying)
2021-06-12 01:06:50.968  INFO 15812 --- [main] o.s.b.w.embedded.tomcat.TomcatWebServer  : Tomcat initialized with port(s): 8025 (http)
2021-06-12 01:06:50.978  INFO 15812 --- [main] o.apache.catalina.core.StandardService   : Starting service [Tomcat]
2021-06-12 01:06:50.978  INFO 15812 --- [main] org.apache.catalina.core.StandardEngine  : Starting Servlet engine: [Apache Tomcat/9.0.45]
2021-06-12 01:06:51.227  INFO 15812 --- [main] o.a.c.c.C.[Tomcat].[localhost].[/]       : Initializing Spring embedded WebApplicationContext
2021-06-12 01:06:51.227  INFO 15812 --- [main] w.s.c.ServletWebServerApplicationContext : Root WebApplicationContext: initialization completed in 2021 ms
2021-06-12 01:06:53.852  INFO 15812 --- [main] o.s.s.concurrent.ThreadPoolTaskExecutor  : Initializing ExecutorService 'applicationTaskExecutor'
2021-06-12 01:06:54.065  INFO 15812 --- [main] c.a.d.s.b.a.DruidDataSourceAutoConfigure : Init DruidDataSource
2021-06-12 01:06:54.171  INFO 15812 --- [main] com.alibaba.druid.pool.DruidDataSource   : {dataSource-1} inited
2021-06-12 01:06:58.484  INFO 15812 --- [main] o.s.s.c.ThreadPoolTaskScheduler          : Initializing ExecutorService 'catalogWatchTaskScheduler'
2021-06-12 01:06:58.496  WARN 15812 --- [main] iguration$LoadBalancerCaffeineWarnLogger : Spring Cloud LoadBalancer is currently working with the default cache. You can switch to using Caffeine cache, by adding it and org.springframework.cache.caffeine.CaffeineCacheManager to the classpath.
2021-06-12 01:06:58.500  INFO 15812 --- [main] o.s.b.a.e.web.EndpointLinksResolver      : Exposing 2 endpoint(s) beneath base path '/actuator'
2021-06-12 01:06:58.631  INFO 15812 --- [main] o.s.b.w.embedded.tomcat.TomcatWebServer  : Tomcat started on port(s): 8025 (http) with context path ''
2021-06-12 01:06:58.634  INFO 15812 --- [main] o.s.c.c.s.ConsulServiceRegistry          : Registering service with consul: NewService{id='consul-mail-8025', name='consul-mail', tags=[], address='DESKTOP-0BJPABD', meta={secure=false}, port=8025, enableTagOverride=null, check=Check{script='null', dockerContainerID='null', shell='null', interval='10s', ttl='null', http='http://DESKTOP-0BJPABD:8025/actuator/health', method='null', header={}, tcp='null', timeout='null', deregisterCriticalServiceAfter='null', tlsSkipVerify=null, status='null', grpc='null', grpcUseTLS=null}, checks=null}
2021-06-12 01:07:00.196  INFO 15812 --- [main] indi.huishi.sms.MailApplication          : Started MailApplication in 12.919 seconds (JVM running for 14.93)
2021-06-12 01:07:07.362  INFO 15812 --- [http-nio-8025-exec-1] o.a.c.c.C.[Tomcat].[localhost].[/]       : Initializing Spring DispatcherServlet 'dispatcherServlet'
2021-06-12 01:07:07.363  INFO 15812 --- [http-nio-8025-exec-1] o.s.web.servlet.DispatcherServlet        : Initializing Servlet 'dispatcherServlet'
2021-06-12 01:07:07.364  INFO 15812 --- [http-nio-8025-exec-1] o.s.web.servlet.DispatcherServlet        : Completed initialization in 1 ms
2021-06-12 01:09:47.867  INFO 12332 --- [main] indi.huishi.sms.MailApplication          : Starting MailApplication using Java 1.8.0_65 on DESKTOP-0BJPABD with PID 12332 (E:\java_exercise\others\distribute_shizuo\mail\target\classes started by 曾昕阳 in E:\java_exercise\others\distribute_shizuo)
2021-06-12 01:09:47.869  INFO 12332 --- [main] indi.huishi.sms.MailApplication          : No active profile set, falling back to default profiles: default
2021-06-12 01:09:48.999  INFO 12332 --- [main] .s.d.r.c.RepositoryConfigurationDelegate : Multiple Spring Data modules found, entering strict repository configuration mode!
2021-06-12 01:09:49.003  INFO 12332 --- [main] .s.d.r.c.RepositoryConfigurationDelegate : Bootstrapping Spring Data Redis repositories in DEFAULT mode.
2021-06-12 01:09:49.027  INFO 12332 --- [main] .s.d.r.c.RepositoryConfigurationDelegate : Finished Spring Data repository scanning in 10 ms. Found 0 Redis repository interfaces.
2021-06-12 01:09:49.276  INFO 12332 --- [main] o.s.cloud.context.scope.GenericScope     : BeanFactory id=55bf71f6-bfdc-31f0-adc4-bb81eccf2748
2021-06-12 01:09:49.339  INFO 12332 --- [main] trationDelegate$BeanPostProcessorChecker : Bean 'com.alibaba.druid.spring.boot.autoconfigure.stat.DruidSpringAopConfiguration' of type [com.alibaba.druid.spring.boot.autoconfigure.stat.DruidSpringAopConfiguration] is not eligible for getting processed by all BeanPostProcessors (for example: not eligible for auto-proxying)
2021-06-12 01:09:49.372  INFO 12332 --- [main] trationDelegate$BeanPostProcessorChecker : Bean 'spring.datasource.druid-com.alibaba.druid.spring.boot.autoconfigure.properties.DruidStatProperties' of type [com.alibaba.druid.spring.boot.autoconfigure.properties.DruidStatProperties] is not eligible for getting processed by all BeanPostProcessors (for example: not eligible for auto-proxying)
2021-06-12 01:09:49.376  INFO 12332 --- [main] trationDelegate$BeanPostProcessorChecker : Bean 'advisor' of type [org.springframework.aop.support.RegexpMethodPointcutAdvisor] is not eligible for getting processed by all BeanPostProcessors (for example: not eligible for auto-proxying)
2021-06-12 01:09:49.674  INFO 12332 --- [main] o.s.b.w.embedded.tomcat.TomcatWebServer  : Tomcat initialized with port(s): 8025 (http)
2021-06-12 01:09:49.682  INFO 12332 --- [main] o.apache.catalina.core.StandardService   : Starting service [Tomcat]
2021-06-12 01:09:49.682  INFO 12332 --- [main] org.apache.catalina.core.StandardEngine  : Starting Servlet engine: [Apache Tomcat/9.0.45]
2021-06-12 01:09:49.888  INFO 12332 --- [main] o.a.c.c.C.[Tomcat].[localhost].[/]       : Initializing Spring embedded WebApplicationContext
2021-06-12 01:09:49.888  INFO 12332 --- [main] w.s.c.ServletWebServerApplicationContext : Root WebApplicationContext: initialization completed in 1952 ms
2021-06-12 01:09:52.696  INFO 12332 --- [main] o.s.s.concurrent.ThreadPoolTaskExecutor  : Initializing ExecutorService 'applicationTaskExecutor'
2021-06-12 01:09:52.945  INFO 12332 --- [main] c.a.d.s.b.a.DruidDataSourceAutoConfigure : Init DruidDataSource
2021-06-12 01:09:53.080  INFO 12332 --- [main] com.alibaba.druid.pool.DruidDataSource   : {dataSource-1} inited
2021-06-12 01:09:58.538  INFO 12332 --- [main] o.s.s.c.ThreadPoolTaskScheduler          : Initializing ExecutorService 'catalogWatchTaskScheduler'
2021-06-12 01:09:58.549  WARN 12332 --- [main] iguration$LoadBalancerCaffeineWarnLogger : Spring Cloud LoadBalancer is currently working with the default cache. You can switch to using Caffeine cache, by adding it and org.springframework.cache.caffeine.CaffeineCacheManager to the classpath.
2021-06-12 01:09:58.560  INFO 12332 --- [main] o.s.b.a.e.web.EndpointLinksResolver      : Exposing 2 endpoint(s) beneath base path '/actuator'
2021-06-12 01:09:58.689  INFO 12332 --- [main] o.s.b.w.embedded.tomcat.TomcatWebServer  : Tomcat started on port(s): 8025 (http) with context path ''
2021-06-12 01:09:58.692  INFO 12332 --- [main] o.s.c.c.s.ConsulServiceRegistry          : Registering service with consul: NewService{id='consul-mail-8025', name='consul-mail', tags=[], address='DESKTOP-0BJPABD', meta={secure=false}, port=8025, enableTagOverride=null, check=Check{script='null', dockerContainerID='null', shell='null', interval='10s', ttl='null', http='http://DESKTOP-0BJPABD:8025/actuator/health', method='null', header={}, tcp='null', timeout='null', deregisterCriticalServiceAfter='null', tlsSkipVerify=null, status='null', grpc='null', grpcUseTLS=null}, checks=null}
2021-06-12 01:09:58.881  INFO 12332 --- [http-nio-8025-exec-1] o.a.c.c.C.[Tomcat].[localhost].[/]       : Initializing Spring DispatcherServlet 'dispatcherServlet'
2021-06-12 01:09:58.881  INFO 12332 --- [http-nio-8025-exec-1] o.s.web.servlet.DispatcherServlet        : Initializing Servlet 'dispatcherServlet'
2021-06-12 01:09:58.882  INFO 12332 --- [http-nio-8025-exec-1] o.s.web.servlet.DispatcherServlet        : Completed initialization in 1 ms
2021-06-12 01:10:00.674  INFO 12332 --- [main] indi.huishi.sms.MailApplication          : Started MailApplication in 14.388 seconds (JVM running for 16.364)
2021-06-12 01:11:11.362  INFO 12332 --- [http-nio-8025-exec-10] i.h.sms.interceptor.LoginInterceptor     : 1preHandle: /mail/send.action
2021-06-12 01:11:11.363  INFO 12332 --- [http-nio-8025-exec-10] i.h.sms.interceptor.LoginInterceptor     : 拦截器：session中user的值为 User(id=1, username=huishi, password=123456, email=null)
2021-06-12 01:11:12.013  INFO 12332 --- [http-nio-8025-exec-10] i.h.sms.interceptor.LoginInterceptor     : 1postHandle: /mail/send.action
2021-06-12 01:11:12.030  INFO 12332 --- [http-nio-8025-exec-10] i.h.sms.interceptor.LoginInterceptor     : 1afterCompletion: /mail/send.action
